2026-07-02 Thursday 14:05:15 root:INFO:Effector Powering Up
2026-07-02 Thursday 14:05:15 root:INFO:Writer created for type EffectorAction
2026-07-02 Thursday 14:05:15 root:INFO:Reader created for type Threat
2026-07-02 Thursday 14:05:15 root:INFO:Reader Thread running for Threat
2026-07-02 Thursday 14:05:15 root:INFO:EffectorActionTopic Listener Callback On Publication Match
2026-07-02 Thursday 14:05:15 root:INFO:EffectorActionTopic Writer Subs: 1 1
2026-07-02 Thursday 14:05:15 root:INFO:Received Threat id=10 at (554.1, 813.1)
2026-07-02 Thursday 14:05:15 root:INFO:Received Threat id=11 at (538.1, 125.7)
2026-07-02 Thursday 14:05:16 root:INFO:Received Threat id=10 at (548.2, 803.2)
2026-07-02 Thursday 14:05:16 root:INFO:Received Threat id=11 at (534.6, 136.6)
2026-07-02 Thursday 14:05:16 root:INFO:Received Threat id=10 at (542.3, 793.4)
2026-07-02 Thursday 14:05:16 root:INFO:Received Threat id=11 at (531.0, 147.5)
2026-07-02 Thursday 14:05:17 root:INFO:Received Threat id=10 at (536.5, 783.5)
2026-07-02 Thursday 14:05:17 root:INFO:Received Threat id=11 at (527.5, 158.4)
2026-07-02 Thursday 14:05:17 root:INFO:Effector listening for threats on domain 0
2026-07-02 Thursday 14:05:17 root:INFO:Received Threat id=10 at (530.7, 773.8)
2026-07-02 Thursday 14:05:17 root:INFO:Received Threat id=11 at (524.0, 169.2)
2026-07-02 Thursday 14:05:18 root:INFO:Received Threat id=10 at (524.8, 763.9)
2026-07-02 Thursday 14:05:18 root:INFO:Received Threat id=11 at (520.5, 180.1)
2026-07-02 Thursday 14:05:18 root:INFO:Received Threat id=10 at (519.0, 754.2)
2026-07-02 Thursday 14:05:18 root:INFO:Received Threat id=11 at (517.0, 190.9)
2026-07-02 Thursday 14:05:19 root:INFO:Received Threat id=10 at (513.1, 744.3)
2026-07-02 Thursday 14:05:19 root:INFO:Received Threat id=11 at (513.5, 201.9)
2026-07-02 Thursday 14:05:19 root:INFO:Received Threat id=10 at (507.3, 734.5)
2026-07-02 Thursday 14:05:19 root:INFO:Received Threat id=11 at (510.0, 212.7)
2026-07-02 Thursday 14:05:20 root:INFO:Received Threat id=12 at (843.0, 796.9)
2026-07-02 Thursday 14:05:20 root:INFO:Received Threat id=10 at (501.5, 724.6)
2026-07-02 Thursday 14:05:20 root:INFO:Received Threat id=11 at (506.5, 223.6)
2026-07-02 Thursday 14:05:20 root:INFO:Received Threat id=12 at (839.0, 794.7)
2026-07-02 Thursday 14:05:20 root:INFO:Received Threat id=10 at (495.6, 714.8)
2026-07-02 Thursday 14:05:20 root:INFO:Received Threat id=11 at (503.0, 234.6)
2026-07-02 Thursday 14:05:20 root:INFO:Received Threat id=12 at (828.9, 789.1)
2026-07-02 Thursday 14:05:21 root:INFO:Received Threat id=10 at (489.7, 704.9)
2026-07-02 Thursday 14:05:21 root:INFO:Received Threat id=11 at (499.5, 245.5)
2026-07-02 Thursday 14:05:21 root:INFO:Received Threat id=12 at (818.9, 783.6)
2026-07-02 Thursday 14:05:22 root:INFO:Received Threat id=10 at (483.9, 695.1)
2026-07-02 Thursday 14:05:22 root:INFO:Received Threat id=11 at (496.0, 256.3)
2026-07-02 Thursday 14:05:22 root:INFO:Received Threat id=12 at (808.9, 778.2)
2026-07-02 Thursday 14:05:22 root:INFO:Received Threat id=10 at (478.1, 685.3)
2026-07-02 Thursday 14:05:22 root:INFO:Received Threat id=11 at (492.5, 267.2)
2026-07-02 Thursday 14:05:22 root:INFO:Received Threat id=12 at (798.9, 772.7)
2026-07-02 Thursday 14:05:23 root:INFO:Received Threat id=10 at (472.2, 675.4)
2026-07-02 Thursday 14:05:23 root:INFO:Received Threat id=11 at (488.9, 278.2)
2026-07-02 Thursday 14:05:23 root:INFO:Received Threat id=12 at (788.7, 767.1)
2026-07-02 Thursday 14:05:23 root:INFO:Received Threat id=10 at (466.3, 665.5)
2026-07-02 Thursday 14:05:23 root:INFO:Received Threat id=11 at (485.4, 289.1)
2026-07-02 Thursday 14:05:23 root:INFO:Received Threat id=12 at (778.7, 761.6)
2026-07-02 Thursday 14:05:24 root:INFO:Received Threat id=10 at (460.5, 655.7)
2026-07-02 Thursday 14:05:24 root:INFO:Received Threat id=11 at (481.9, 300.0)
2026-07-02 Thursday 14:05:24 root:INFO:Received Threat id=12 at (768.6, 756.1)
2026-07-02 Thursday 14:05:24 root:INFO:Received Threat id=10 at (454.7, 646.0)
2026-07-02 Thursday 14:05:24 root:INFO:Received Threat id=11 at (478.4, 310.8)
2026-07-02 Thursday 14:05:24 root:INFO:Received Threat id=12 at (758.7, 750.7)
2026-07-02 Thursday 14:05:25 root:INFO:Received Threat id=10 at (448.9, 636.2)
2026-07-02 Thursday 14:05:25 root:INFO:Received Threat id=11 at (474.9, 321.6)
2026-07-02 Thursday 14:05:25 root:INFO:Received Threat id=12 at (748.8, 745.2)
2026-07-02 Thursday 14:05:25 root:INFO:Received Threat id=10 at (443.0, 626.4)
2026-07-02 Thursday 14:05:25 root:INFO:Received Threat id=11 at (471.4, 332.4)
2026-07-02 Thursday 14:05:25 root:INFO:Received Threat id=12 at (738.8, 739.7)
2026-07-02 Thursday 14:05:26 root:INFO:Received Threat id=11 at (467.9, 343.3)
2026-07-02 Thursday 14:05:26 root:INFO:Received Threat id=12 at (728.7, 734.2)
2026-07-02 Thursday 14:05:26 root:INFO:Received Threat id=11 at (464.5, 354.0)
2026-07-02 Thursday 14:05:26 root:INFO:Received Threat id=12 at (718.9, 728.8)
2026-07-02 Thursday 14:05:27 root:INFO:Received Threat id=11 at (461.0, 364.9)
2026-07-02 Thursday 14:05:27 root:INFO:Received Threat id=12 at (708.8, 723.3)
2026-07-02 Thursday 14:05:27 root:INFO:Received Threat id=11 at (457.5, 375.6)
2026-07-02 Thursday 14:05:27 root:INFO:Received Threat id=12 at (699.0, 717.9)
2026-07-02 Thursday 14:05:28 root:INFO:Received Threat id=11 at (454.0, 386.5)
2026-07-02 Thursday 14:05:28 root:INFO:Received Threat id=12 at (689.0, 712.4)
2026-07-02 Thursday 14:05:28 root:INFO:Received Threat id=13 at (-41.1, 825.9)
2026-07-02 Thursday 14:05:28 root:INFO:Received Threat id=11 at (450.5, 397.4)
2026-07-02 Thursday 14:05:28 root:INFO:Received Threat id=12 at (678.9, 706.9)
2026-07-02 Thursday 14:05:28 root:INFO:Received Threat id=13 at (-33.3, 821.1)
2026-07-02 Thursday 14:05:29 root:INFO:Received Threat id=11 at (447.0, 408.1)
2026-07-02 Thursday 14:05:29 root:INFO:Received Threat id=12 at (669.1, 701.5)
2026-07-02 Thursday 14:05:29 root:INFO:Received Threat id=13 at (-23.7, 815.2)
2026-07-02 Thursday 14:05:29 root:INFO:Received Threat id=11 at (443.6, 418.9)
2026-07-02 Thursday 14:05:29 root:INFO:Received Threat id=12 at (659.1, 696.1)
2026-07-02 Thursday 14:05:29 root:INFO:Received Threat id=13 at (-14.1, 809.2)
2026-07-02 Thursday 14:05:30 root:INFO:Received Threat id=11 at (440.1, 429.7)
2026-07-02 Thursday 14:05:30 root:INFO:Received Threat id=12 at (649.2, 690.6)
2026-07-02 Thursday 14:05:30 root:INFO:Received Threat id=13 at (-4.4, 803.3)
2026-07-02 Thursday 14:05:30 root:INFO:Received Threat id=11 at (436.6, 440.5)
2026-07-02 Thursday 14:05:30 root:INFO:Received Threat id=12 at (639.2, 685.1)
2026-07-02 Thursday 14:05:30 root:INFO:Received Threat id=13 at (5.3, 797.3)
2026-07-02 Thursday 14:05:31 root:INFO:Received Threat id=11 at (433.1, 451.4)
2026-07-02 Thursday 14:05:31 root:INFO:Received Threat id=12 at (629.2, 679.6)
2026-07-02 Thursday 14:05:31 root:INFO:Received Threat id=13 at (15.0, 791.3)
2026-07-02 Thursday 14:05:31 root:INFO:Received Threat id=11 at (429.6, 462.3)
2026-07-02 Thursday 14:05:31 root:INFO:Received Threat id=12 at (619.1, 674.1)
2026-07-02 Thursday 14:05:31 root:INFO:Received Threat id=13 at (24.7, 785.3)
2026-07-02 Thursday 14:05:32 root:INFO:Received Threat id=11 at (426.1, 473.2)
2026-07-02 Thursday 14:05:32 root:INFO:Received Threat id=12 at (609.1, 668.6)
2026-07-02 Thursday 14:05:32 root:INFO:Received Threat id=13 at (34.5, 779.3)
2026-07-02 Thursday 14:05:32 root:INFO:Received Threat id=11 at (422.6, 484.0)
2026-07-02 Thursday 14:05:32 root:INFO:Received Threat id=12 at (599.1, 663.2)
2026-07-02 Thursday 14:05:32 root:INFO:Received Threat id=13 at (44.2, 773.3)
2026-07-02 Thursday 14:05:33 root:INFO:Received Threat id=11 at (419.1, 494.7)
2026-07-02 Thursday 14:05:33 root:INFO:Received Threat id=12 at (589.2, 657.7)
2026-07-02 Thursday 14:05:33 root:INFO:Received Threat id=13 at (53.7, 767.4)
2026-07-02 Thursday 14:05:33 root:INFO:Received Threat id=12 at (579.3, 652.3)
2026-07-02 Thursday 14:05:33 root:INFO:Received Threat id=13 at (63.4, 761.5)
2026-07-02 Thursday 14:05:34 root:INFO:Received Threat id=12 at (569.3, 646.8)
2026-07-02 Thursday 14:05:34 root:INFO:Received Threat id=13 at (73.2, 755.5)
2026-07-02 Thursday 14:05:34 root:INFO:Received Threat id=12 at (559.3, 641.3)
2026-07-02 Thursday 14:05:34 root:INFO:Received Threat id=13 at (82.8, 749.5)
2026-07-02 Thursday 14:05:35 root:INFO:Received Threat id=12 at (549.2, 635.8)
2026-07-02 Thursday 14:05:35 root:INFO:Received Threat id=13 at (92.6, 743.5)
2026-07-02 Thursday 14:05:35 root:INFO:Received Threat id=12 at (539.4, 630.4)
2026-07-02 Thursday 14:05:35 root:INFO:Received Threat id=13 at (102.2, 737.6)
2026-07-02 Thursday 14:05:36 root:INFO:Received Threat id=14 at (-36.6, 462.5)
2026-07-02 Thursday 14:05:36 root:INFO:Received Threat id=12 at (529.3, 624.9)
2026-07-02 Thursday 14:05:36 root:INFO:Received Threat id=13 at (112.0, 731.5)
2026-07-02 Thursday 14:05:36 root:INFO:Received Threat id=14 at (-34.3, 463.0)
2026-07-02 Thursday 14:05:37 root:INFO:Received Threat id=12 at (519.4, 619.5)
2026-07-02 Thursday 14:05:37 root:INFO:Received Threat id=13 at (121.5, 725.6)
2026-07-02 Thursday 14:05:37 root:INFO:Received Threat id=14 at (-23.3, 465.3)
2026-07-02 Thursday 14:05:37 root:INFO:Received Threat id=12 at (509.3, 613.9)
2026-07-02 Thursday 14:05:37 root:INFO:Received Threat id=13 at (131.4, 719.6)
2026-07-02 Thursday 14:05:37 root:INFO:Received Threat id=14 at (-12.0, 467.6)
2026-07-02 Thursday 14:05:38 root:INFO:Received Threat id=12 at (499.3, 608.4)
2026-07-02 Thursday 14:05:38 root:INFO:Received Threat id=13 at (141.1, 713.6)
2026-07-02 Thursday 14:05:38 root:INFO:Received Threat id=14 at (-0.9, 470.0)
2026-07-02 Thursday 14:05:38 root:INFO:Received Threat id=12 at (489.3, 603.0)
2026-07-02 Thursday 14:05:38 root:INFO:Received Threat id=13 at (150.8, 707.6)
2026-07-02 Thursday 14:05:38 root:INFO:Received Threat id=14 at (10.3, 472.3)
2026-07-02 Thursday 14:05:39 root:INFO:Received Threat id=12 at (479.3, 597.5)
2026-07-02 Thursday 14:05:39 root:INFO:Received Threat id=13 at (160.5, 701.6)
2026-07-02 Thursday 14:05:39 root:INFO:Received Threat id=14 at (21.5, 474.7)
2026-07-02 Thursday 14:05:39 root:INFO:Received Threat id=12 at (469.2, 592.0)
2026-07-02 Thursday 14:05:39 root:INFO:Received Threat id=13 at (170.3, 695.6)
2026-07-02 Thursday 14:05:39 root:INFO:Received Threat id=14 at (32.7, 477.0)
2026-07-02 Thursday 14:05:40 root:INFO:Received Threat id=13 at (180.1, 689.6)
2026-07-02 Thursday 14:05:40 root:INFO:Received Threat id=14 at (44.0, 479.4)
2026-07-02 Thursday 14:05:40 root:INFO:Received Threat id=13 at (189.8, 683.6)
2026-07-02 Thursday 14:05:40 root:INFO:Received Threat id=14 at (55.2, 481.7)
2026-07-02 Thursday 14:05:41 root:INFO:Received Threat id=13 at (199.6, 677.5)
2026-07-02 Thursday 14:05:41 root:INFO:Received Threat id=14 at (66.4, 484.1)
2026-07-02 Thursday 14:05:41 root:INFO:Received Threat id=13 at (209.3, 671.5)
2026-07-02 Thursday 14:05:41 root:INFO:Received Threat id=14 at (77.6, 486.4)
2026-07-02 Thursday 14:05:42 root:INFO:Received Threat id=13 at (219.0, 665.6)
2026-07-02 Thursday 14:05:42 root:INFO:Received Threat id=14 at (88.8, 488.8)
2026-07-02 Thursday 14:05:42 root:INFO:Received Threat id=13 at (228.7, 659.6)
2026-07-02 Thursday 14:05:42 root:INFO:Received Threat id=14 at (99.9, 491.1)
2026-07-02 Thursday 14:05:43 root:INFO:Received Threat id=13 at (238.5, 653.6)
2026-07-02 Thursday 14:05:43 root:INFO:Received Threat id=14 at (111.1, 493.5)
2026-07-02 Thursday 14:05:43 root:INFO:Received Threat id=13 at (248.0, 647.7)
2026-07-02 Thursday 14:05:43 root:INFO:Received Threat id=14 at (122.2, 495.8)
2026-07-02 Thursday 14:05:44 root:INFO:Received Threat id=13 at (257.6, 641.8)
2026-07-02 Thursday 14:05:44 root:INFO:Received Threat id=14 at (133.1, 498.1)
2026-07-02 Thursday 14:05:44 root:INFO:Received Threat id=15 at (228.7, 148.3)
2026-07-02 Thursday 14:05:44 root:INFO:Received Threat id=13 at (267.2, 635.8)
2026-07-02 Thursday 14:05:44 root:INFO:Received Threat id=14 at (144.2, 500.4)
2026-07-02 Thursday 14:05:44 root:INFO:Received Threat id=15 at (231.4, 154.6)
2026-07-02 Thursday 14:05:45 root:INFO:Received Threat id=13 at (277.0, 629.8)
2026-07-02 Thursday 14:05:45 root:INFO:Received Threat id=14 at (155.4, 502.7)
2026-07-02 Thursday 14:05:45 root:INFO:Received Threat id=15 at (235.8, 165.1)
2026-07-02 Thursday 14:05:45 root:INFO:Received Threat id=13 at (286.6, 623.9)
2026-07-02 Thursday 14:05:45 root:INFO:Received Threat id=14 at (166.5, 505.1)
2026-07-02 Thursday 14:05:45 root:INFO:Received Threat id=15 at (240.2, 175.6)
2026-07-02 Thursday 14:05:46 root:INFO:Received Threat id=13 at (296.4, 617.9)
2026-07-02 Thursday 14:05:46 root:INFO:Received Threat id=14 at (177.8, 507.4)
2026-07-02 Thursday 14:05:46 root:INFO:Received Threat id=15 at (244.7, 186.1)
2026-07-02 Thursday 14:05:46 root:INFO:Received Threat id=13 at (306.0, 611.9)
2026-07-02 Thursday 14:05:46 root:INFO:Received Threat id=14 at (188.8, 509.7)
2026-07-02 Thursday 14:05:46 root:INFO:Received Threat id=15 at (249.1, 196.5)
2026-07-02 Thursday 14:05:47 root:INFO:Received Threat id=13 at (315.6, 606.0)
2026-07-02 Thursday 14:05:47 root:INFO:Received Threat id=14 at (199.8, 512.0)
2026-07-02 Thursday 14:05:47 root:INFO:Received Threat id=15 at (253.5, 206.9)
2026-07-02 Thursday 14:05:47 root:INFO:Received Threat id=13 at (325.3, 600.1)
2026-07-02 Thursday 14:05:47 root:INFO:Received Threat id=14 at (211.0, 514.4)
2026-07-02 Thursday 14:05:47 root:INFO:Received Threat id=15 at (257.9, 217.4)
2026-07-02 Thursday 14:05:48 root:INFO:Received Threat id=14 at (222.0, 516.7)
2026-07-02 Thursday 14:05:48 root:INFO:Received Threat id=15 at (262.3, 227.8)
2026-07-02 Thursday 14:05:48 root:INFO:Received Threat id=14 at (233.1, 519.0)
2026-07-02 Thursday 14:05:48 root:INFO:Received Threat id=15 at (266.7, 238.3)
2026-07-02 Thursday 14:05:49 root:INFO:Received Threat id=14 at (244.3, 521.4)
2026-07-02 Thursday 14:05:49 root:INFO:Received Threat id=15 at (271.1, 248.7)
2026-07-02 Thursday 14:05:49 root:INFO:Received Threat id=14 at (255.4, 523.7)
2026-07-02 Thursday 14:05:49 root:INFO:Received Threat id=15 at (275.6, 259.3)
2026-07-02 Thursday 14:05:50 root:INFO:Received Threat id=14 at (266.6, 526.0)
2026-07-02 Thursday 14:05:50 root:INFO:Received Threat id=15 at (280.0, 269.7)
2026-07-02 Thursday 14:05:50 root:INFO:Received Threat id=14 at (277.7, 528.4)
2026-07-02 Thursday 14:05:50 root:INFO:Received Threat id=15 at (284.4, 280.2)
2026-07-02 Thursday 14:05:51 root:INFO:Received Threat id=14 at (288.8, 530.7)
2026-07-02 Thursday 14:05:51 root:INFO:Received Threat id=15 at (288.8, 290.7)
2026-07-02 Thursday 14:05:52 root:INFO:Received Threat id=14 at (300.0, 533.0)
2026-07-02 Thursday 14:05:52 root:INFO:Received Threat id=15 at (293.3, 301.2)
2026-07-02 Thursday 14:05:52 root:INFO:Received Threat id=14 at (311.1, 535.4)
2026-07-02 Thursday 14:05:52 root:INFO:Received Threat id=15 at (297.7, 311.7)
2026-07-02 Thursday 14:05:52 root:INFO:Received Threat id=16 at (832.6, 845.7)
2026-07-02 Thursday 14:05:53 root:INFO:Received Threat id=14 at (322.3, 537.7)
2026-07-02 Thursday 14:05:53 root:INFO:Received Threat id=15 at (302.1, 322.2)
2026-07-02 Thursday 14:05:53 root:INFO:Received Threat id=16 at (823.1, 839.3)
2026-07-02 Thursday 14:05:53 root:INFO:Received Threat id=14 at (333.5, 540.1)
2026-07-02 Thursday 14:05:53 root:INFO:Received Threat id=15 at (306.6, 332.8)
2026-07-02 Thursday 14:05:53 root:INFO:Received Threat id=16 at (813.6, 832.9)
2026-07-02 Thursday 14:05:54 root:INFO:Received Threat id=15 at (311.0, 343.2)
2026-07-02 Thursday 14:05:54 root:INFO:Received Threat id=16 at (804.2, 826.6)
2026-07-02 Thursday 14:05:54 root:INFO:Received Threat id=15 at (315.4, 353.7)
2026-07-02 Thursday 14:05:54 root:INFO:Received Threat id=16 at (794.8, 820.2)
2026-07-02 Thursday 14:05:55 root:INFO:Received Threat id=15 at (319.9, 364.3)
2026-07-02 Thursday 14:05:55 root:INFO:Received Threat id=16 at (785.2, 813.8)
2026-07-02 Thursday 14:05:55 root:INFO:Received Threat id=15 at (324.4, 374.8)
2026-07-02 Thursday 14:05:55 root:INFO:Received Threat id=16 at (775.7, 807.4)
2026-07-02 Thursday 14:05:56 root:INFO:Received Threat id=15 at (328.8, 385.4)
2026-07-02 Thursday 14:05:56 root:INFO:Received Threat id=16 at (766.2, 801.0)
2026-07-02 Thursday 14:05:56 root:INFO:Received Threat id=15 at (333.3, 396.0)
2026-07-02 Thursday 14:05:56 root:INFO:Received Threat id=16 at (756.7, 794.6)
2026-07-02 Thursday 14:05:57 root:INFO:Received Threat id=15 at (337.7, 406.5)
2026-07-02 Thursday 14:05:57 root:INFO:Received Threat id=16 at (747.3, 788.2)
2026-07-02 Thursday 14:05:57 root:INFO:Received Threat id=15 at (342.2, 417.0)
2026-07-02 Thursday 14:05:57 root:INFO:Received Threat id=16 at (737.8, 781.8)
2026-07-02 Thursday 14:05:58 root:INFO:Received Threat id=15 at (346.6, 427.5)
2026-07-02 Thursday 14:05:58 root:INFO:Received Threat id=16 at (728.3, 775.4)
2026-07-02 Thursday 14:05:58 root:INFO:Received Threat id=15 at (351.0, 438.0)
2026-07-02 Thursday 14:05:58 root:INFO:Received Threat id=16 at (718.9, 769.1)
2026-07-02 Thursday 14:05:59 root:INFO:Received Threat id=15 at (355.5, 448.5)
2026-07-02 Thursday 14:05:59 root:INFO:Received Threat id=16 at (709.4, 762.7)
2026-07-02 Thursday 14:05:59 root:INFO:Received Threat id=15 at (359.9, 459.0)
2026-07-02 Thursday 14:05:59 root:INFO:Received Threat id=16 at (700.0, 756.3)
2026-07-02 Thursday 14:06:00 root:INFO:Received Threat id=15 at (364.3, 469.4)
2026-07-02 Thursday 14:06:00 root:INFO:Received Threat id=16 at (690.6, 750.0)
2026-07-02 Thursday 14:06:00 root:INFO:Received Threat id=17 at (793.2, 810.3)
2026-07-02 Thursday 14:06:00 root:INFO:Received Threat id=15 at (368.8, 480.0)
2026-07-02 Thursday 14:06:00 root:INFO:Received Threat id=16 at (681.1, 743.5)
2026-07-02 Thursday 14:06:00 root:INFO:Received Threat id=17 at (789.4, 807.8)
2026-07-02 Thursday 14:06:01 root:INFO:Received Threat id=15 at (373.2, 490.5)
2026-07-02 Thursday 14:06:01 root:INFO:Received Threat id=16 at (671.7, 737.2)
2026-07-02 Thursday 14:06:01 root:INFO:Received Threat id=17 at (779.9, 801.7)
2026-07-02 Thursday 14:06:01 root:INFO:Received Threat id=15 at (377.5, 500.8)
2026-07-02 Thursday 14:06:01 root:INFO:Received Threat id=16 at (662.4, 731.0)
2026-07-02 Thursday 14:06:01 root:INFO:Received Threat id=17 at (770.5, 795.5)
2026-07-02 Thursday 14:06:02 root:INFO:Received Threat id=16 at (653.0, 724.6)
2026-07-02 Thursday 14:06:02 root:INFO:Received Threat id=17 at (761.0, 789.4)
2026-07-02 Thursday 14:06:02 root:INFO:Received Threat id=16 at (643.7, 718.3)
2026-07-02 Thursday 14:06:02 root:INFO:Received Threat id=17 at (751.6, 783.2)
2026-07-02 Thursday 14:06:03 root:INFO:Received Threat id=16 at (634.3, 712.0)
2026-07-02 Thursday 14:06:03 root:INFO:Received Threat id=17 at (742.2, 777.1)
2026-07-02 Thursday 14:06:03 root:INFO:Received Threat id=16 at (624.8, 705.6)
2026-07-02 Thursday 14:06:03 root:INFO:Received Threat id=17 at (732.6, 770.8)
2026-07-02 Thursday 14:06:04 root:INFO:Received Threat id=16 at (615.3, 699.2)
2026-07-02 Thursday 14:06:04 root:INFO:Received Threat id=17 at (723.0, 764.6)
2026-07-02 Thursday 14:06:04 root:INFO:Received Threat id=16 at (605.8, 692.8)
2026-07-02 Thursday 14:06:04 root:INFO:Received Threat id=17 at (713.3, 758.3)
2026-07-02 Thursday 14:06:05 root:INFO:Received Threat id=16 at (596.4, 686.5)
2026-07-02 Thursday 14:06:05 root:INFO:Received Threat id=17 at (703.8, 752.1)
2026-07-02 Thursday 14:06:06 root:INFO:Received Threat id=16 at (587.0, 680.1)
2026-07-02 Thursday 14:06:06 root:INFO:Received Threat id=17 at (694.3, 745.9)
2026-07-02 Thursday 14:06:06 root:INFO:Received Threat id=16 at (577.3, 673.6)
2026-07-02 Thursday 14:06:06 root:INFO:Received Threat id=17 at (684.6, 739.5)
2026-07-02 Thursday 14:06:07 root:INFO:Received Threat id=16 at (567.8, 667.2)
2026-07-02 Thursday 14:06:07 root:INFO:Received Threat id=17 at (674.9, 733.2)
2026-07-02 Thursday 14:06:07 root:INFO:Received Threat id=16 at (558.3, 660.7)
2026-07-02 Thursday 14:06:07 root:INFO:Received Threat id=17 at (665.3, 726.9)
2026-07-02 Thursday 14:06:08 root:INFO:Received Threat id=16 at (548.7, 654.3)
2026-07-02 Thursday 14:06:08 root:INFO:Received Threat id=17 at (655.6, 720.6)
2026-07-02 Thursday 14:06:08 root:INFO:Received Threat id=16 at (539.2, 647.9)
2026-07-02 Thursday 14:06:08 root:INFO:Received Threat id=17 at (646.1, 714.4)
2026-07-02 Thursday 14:06:08 root:INFO:Received Threat id=18 at (234.4, 1035.9)
2026-07-02 Thursday 14:06:09 root:INFO:Received Threat id=16 at (529.9, 641.6)
2026-07-02 Thursday 14:06:09 root:INFO:Received Threat id=17 at (636.6, 708.2)
2026-07-02 Thursday 14:06:09 root:INFO:Received Threat id=18 at (237.4, 1027.4)
2026-07-02 Thursday 14:06:09 root:INFO:Received Threat id=16 at (520.4, 635.2)
2026-07-02 Thursday 14:06:09 root:INFO:Received Threat id=17 at (627.0, 702.0)
2026-07-02 Thursday 14:06:09 root:INFO:Received Threat id=18 at (241.1, 1016.6)
2026-07-02 Thursday 14:06:10 root:INFO:Received Threat id=16 at (510.9, 628.8)
2026-07-02 Thursday 14:06:10 root:INFO:Received Threat id=17 at (617.4, 695.8)
2026-07-02 Thursday 14:06:10 root:INFO:Received Threat id=18 at (244.8, 1005.7)
2026-07-02 Thursday 14:06:10 root:INFO:Received Threat id=16 at (501.5, 622.4)
2026-07-02 Thursday 14:06:10 root:INFO:Received Threat id=17 at (607.9, 689.5)
2026-07-02 Thursday 14:06:10 root:INFO:Received Threat id=18 at (248.5, 995.0)
2026-07-02 Thursday 14:06:11 root:INFO:Received Threat id=16 at (492.0, 616.0)
2026-07-02 Thursday 14:06:11 root:INFO:Received Threat id=17 at (598.3, 683.3)
2026-07-02 Thursday 14:06:11 root:INFO:Received Threat id=18 at (252.2, 984.1)
2026-07-02 Thursday 14:06:11 root:INFO:Received Threat id=16 at (482.5, 609.6)
2026-07-02 Thursday 14:06:11 root:INFO:Received Threat id=17 at (588.7, 677.0)
2026-07-02 Thursday 14:06:11 root:INFO:Received Threat id=18 at (256.0, 973.3)
2026-07-02 Thursday 14:06:12 root:INFO:Received Threat id=16 at (473.1, 603.3)
2026-07-02 Thursday 14:06:12 root:INFO:Received Threat id=17 at (579.2, 670.8)
2026-07-02 Thursday 14:06:12 root:INFO:Received Threat id=18 at (259.6, 962.6)
2026-07-02 Thursday 14:06:12 root:INFO:Received Threat id=17 at (569.7, 664.6)
2026-07-02 Thursday 14:06:12 root:INFO:Received Threat id=18 at (263.3, 951.8)
2026-07-02 Thursday 14:06:13 root:INFO:Received Threat id=17 at (560.1, 658.4)
2026-07-02 Thursday 14:06:13 root:INFO:Received Threat id=18 at (267.1, 941.0)
2026-07-02 Thursday 14:06:13 root:INFO:Received Threat id=17 at (550.6, 652.2)
2026-07-02 Thursday 14:06:13 root:INFO:Received Threat id=18 at (270.7, 930.3)
2026-07-02 Thursday 14:06:14 root:INFO:Received Threat id=17 at (541.1, 646.0)
2026-07-02 Thursday 14:06:14 root:INFO:Received Threat id=18 at (274.4, 919.6)
2026-07-02 Thursday 14:06:14 root:INFO:Received Threat id=17 at (531.4, 639.7)
2026-07-02 Thursday 14:06:14 root:INFO:Received Threat id=18 at (278.2, 908.6)
2026-07-02 Thursday 14:06:15 root:INFO:Received Threat id=17 at (521.7, 633.4)
2026-07-02 Thursday 14:06:15 root:INFO:Received Threat id=18 at (281.9, 897.7)
2026-07-02 Thursday 14:06:15 root:INFO:Received Threat id=17 at (512.3, 627.2)
2026-07-02 Thursday 14:06:15 root:INFO:Received Threat id=18 at (285.6, 887.0)
2026-07-02 Thursday 14:06:16 root:INFO:Received Threat id=17 at (502.8, 621.0)
2026-07-02 Thursday 14:06:16 root:INFO:Received Threat id=18 at (289.3, 876.3)
2026-07-02 Thursday 14:06:16 root:INFO:Received Threat id=19 at (886.8, 605.0)
2026-07-02 Thursday 14:06:16 root:INFO:Received Threat id=17 at (493.2, 614.8)
2026-07-02 Thursday 14:06:16 root:INFO:Received Threat id=18 at (293.0, 865.5)
2026-07-02 Thursday 14:06:16 root:INFO:Received Threat id=19 at (884.5, 604.8)
2026-07-02 Thursday 14:06:17 root:INFO:Received Threat id=17 at (483.7, 608.5)
2026-07-02 Thursday 14:06:17 root:INFO:Received Threat id=18 at (296.7, 854.7)
2026-07-02 Thursday 14:06:17 root:INFO:Received Threat id=19 at (873.2, 603.6)
2026-07-02 Thursday 14:06:17 root:INFO:Received Threat id=17 at (474.2, 602.4)
2026-07-02 Thursday 14:06:17 root:INFO:Received Threat id=18 at (300.4, 844.0)
2026-07-02 Thursday 14:06:17 root:INFO:Received Threat id=19 at (861.9, 602.4)
2026-07-02 Thursday 14:06:18 root:INFO:Received Threat id=18 at (304.0, 833.4)
2026-07-02 Thursday 14:06:18 root:INFO:Received Threat id=19 at (850.7, 601.3)
2026-07-02 Thursday 14:06:18 root:INFO:Received Threat id=18 at (307.7, 822.6)
2026-07-02 Thursday 14:06:18 root:INFO:Received Threat id=19 at (839.4, 600.1)
2026-07-02 Thursday 14:06:19 root:INFO:Received Threat id=18 at (311.4, 811.8)
2026-07-02 Thursday 14:06:19 root:INFO:Received Threat id=19 at (828.1, 598.9)
2026-07-02 Thursday 14:06:20 root:INFO:Received Threat id=18 at (315.2, 800.9)
2026-07-02 Thursday 14:06:20 root:INFO:Received Threat id=19 at (816.6, 597.7)
2026-07-02 Thursday 14:06:20 root:INFO:Received Threat id=18 at (318.9, 790.2)
2026-07-02 Thursday 14:06:20 root:INFO:Received Threat id=19 at (805.3, 596.5)
2026-07-02 Thursday 14:06:21 root:INFO:Received Threat id=18 at (322.5, 779.5)
2026-07-02 Thursday 14:06:21 root:INFO:Received Threat id=19 at (794.1, 595.3)
2026-07-02 Thursday 14:06:21 root:INFO:Received Threat id=18 at (326.2, 768.7)
2026-07-02 Thursday 14:06:21 root:INFO:Received Threat id=19 at (782.7, 594.1)
2026-07-02 Thursday 14:06:22 root:INFO:Received Threat id=18 at (329.9, 757.9)
2026-07-02 Thursday 14:06:22 root:INFO:Received Threat id=19 at (771.4, 592.9)
2026-07-02 Thursday 14:06:22 root:INFO:Received Threat id=18 at (333.6, 747.2)
2026-07-02 Thursday 14:06:22 root:INFO:Received Threat id=19 at (760.1, 591.8)
2026-07-02 Thursday 14:06:23 root:INFO:Received Threat id=18 at (337.4, 736.3)
2026-07-02 Thursday 14:06:23 root:INFO:Received Threat id=19 at (748.7, 590.6)
2026-07-02 Thursday 14:06:23 root:INFO:Received Threat id=18 at (341.1, 725.6)
2026-07-02 Thursday 14:06:23 root:INFO:Received Threat id=19 at (737.4, 589.4)
2026-07-02 Thursday 14:06:24 root:INFO:Received Threat id=18 at (344.7, 714.9)
2026-07-02 Thursday 14:06:24 root:INFO:Received Threat id=19 at (726.1, 588.2)
2026-07-02 Thursday 14:06:24 root:INFO:Received Threat id=18 at (348.4, 704.1)
2026-07-02 Thursday 14:06:24 root:INFO:Received Threat id=19 at (714.8, 587.0)
2026-07-02 Thursday 14:06:24 root:INFO:Received Threat id=20 at (902.4, 471.5)
2026-07-02 Thursday 14:06:25 root:INFO:Received Threat id=18 at (352.1, 693.4)
2026-07-02 Thursday 14:06:25 root:INFO:Received Threat id=19 at (703.5, 585.8)
2026-07-02 Thursday 14:06:25 root:INFO:Received Threat id=20 at (895.6, 472.6)
2026-07-02 Thursday 14:06:25 root:INFO:Received Threat id=18 at (355.9, 682.5)
2026-07-02 Thursday 14:06:25 root:INFO:Received Threat id=19 at (692.1, 584.6)
2026-07-02 Thursday 14:06:25 root:INFO:Received Threat id=20 at (884.3, 474.5)
2026-07-02 Thursday 14:06:26 root:INFO:Received Threat id=18 at (359.5, 671.8)
2026-07-02 Thursday 14:06:26 root:INFO:Received Threat id=19 at (680.8, 583.4)
2026-07-02 Thursday 14:06:26 root:INFO:Received Threat id=20 at (873.2, 476.3)
2026-07-02 Thursday 14:06:26 root:INFO:Received Threat id=18 at (363.2, 661.1)
2026-07-02 Thursday 14:06:26 root:INFO:Received Threat id=19 at (669.6, 582.3)
2026-07-02 Thursday 14:06:26 root:INFO:Received Threat id=20 at (862.0, 478.1)
2026-07-02 Thursday 14:06:27 root:INFO:Received Threat id=18 at (366.9, 650.4)
2026-07-02 Thursday 14:06:27 root:INFO:Received Threat id=19 at (658.3, 581.1)
2026-07-02 Thursday 14:06:27 root:INFO:Received Threat id=20 at (850.8, 480.0)
2026-07-02 Thursday 14:06:27 root:INFO:Received Threat id=18 at (370.6, 639.6)
2026-07-02 Thursday 14:06:27 root:INFO:Received Threat id=19 at (647.0, 579.9)
2026-07-02 Thursday 14:06:27 root:INFO:Received Threat id=20 at (839.6, 481.8)
2026-07-02 Thursday 14:06:28 root:INFO:Received Threat id=19 at (635.7, 578.7)
2026-07-02 Thursday 14:06:28 root:INFO:Received Threat id=20 at (828.4, 483.6)
2026-07-02 Thursday 14:06:28 root:INFO:Received Threat id=19 at (624.5, 577.5)
2026-07-02 Thursday 14:06:28 root:INFO:Received Threat id=20 at (817.2, 485.5)
2026-07-02 Thursday 14:06:29 root:INFO:Received Threat id=19 at (613.2, 576.4)
2026-07-02 Thursday 14:06:29 root:INFO:Received Threat id=20 at (806.0, 487.3)
2026-07-02 Thursday 14:06:29 root:INFO:Received Threat id=19 at (601.9, 575.2)
2026-07-02 Thursday 14:06:29 root:INFO:Received Threat id=20 at (794.8, 489.2)
2026-07-02 Thursday 14:06:30 root:INFO:Received Threat id=19 at (590.5, 574.0)
2026-07-02 Thursday 14:06:30 root:INFO:Received Threat id=20 at (783.5, 491.0)
2026-07-02 Thursday 14:06:30 root:INFO:Received Threat id=19 at (579.1, 572.8)
2026-07-02 Thursday 14:06:30 root:INFO:Received Threat id=20 at (772.2, 492.9)
2026-07-02 Thursday 14:06:31 root:INFO:Received Threat id=19 at (567.9, 571.6)
2026-07-02 Thursday 14:06:31 root:INFO:Received Threat id=20 at (761.1, 494.7)
2026-07-02 Thursday 14:06:31 root:INFO:Received Threat id=19 at (556.4, 570.4)
2026-07-02 Thursday 14:06:31 root:INFO:Received Threat id=20 at (749.7, 496.6)
2026-07-02 Thursday 14:06:32 root:INFO:Received Threat id=19 at (545.1, 569.2)
2026-07-02 Thursday 14:06:32 root:INFO:Received Threat id=20 at (738.5, 498.4)
2026-07-02 Thursday 14:06:32 root:INFO:Received Threat id=19 at (533.8, 568.0)
2026-07-02 Thursday 14:06:32 root:INFO:Received Threat id=20 at (727.3, 500.3)
2026-07-02 Thursday 14:06:33 root:INFO:Received Threat id=21 at (763.4, 854.0)
2026-07-02 Thursday 14:06:33 root:INFO:Received Threat id=19 at (522.5, 566.8)
2026-07-02 Thursday 14:06:33 root:INFO:Received Threat id=20 at (716.0, 502.1)
2026-07-02 Thursday 14:06:33 root:INFO:Received Threat id=21 at (754.6, 846.7)
2026-07-02 Thursday 14:06:33 root:INFO:Received Threat id=19 at (511.1, 565.7)
2026-07-02 Thursday 14:06:33 root:INFO:Received Threat id=20 at (704.8, 504.0)
2026-07-02 Thursday 14:06:33 root:INFO:Received Threat id=21 at (745.8, 839.4)
2026-07-02 Thursday 14:06:34 root:INFO:Received Threat id=19 at (499.8, 564.5)
2026-07-02 Thursday 14:06:34 root:INFO:Received Threat id=20 at (693.5, 505.8)
2026-07-02 Thursday 14:06:34 root:INFO:Received Threat id=21 at (737.0, 832.2)
2026-07-02 Thursday 14:06:35 root:INFO:Received Threat id=19 at (488.4, 563.3)
2026-07-02 Thursday 14:06:35 root:INFO:Received Threat id=20 at (682.2, 507.6)
2026-07-02 Thursday 14:06:35 root:INFO:Received Threat id=21 at (728.2, 824.9)
2026-07-02 Thursday 14:06:35 root:INFO:Received Threat id=19 at (477.0, 562.1)
2026-07-02 Thursday 14:06:35 root:INFO:Received Threat id=20 at (670.9, 509.5)
2026-07-02 Thursday 14:06:35 root:INFO:Received Threat id=21 at (719.3, 817.6)
2026-07-02 Thursday 14:06:36 root:INFO:Received Threat id=20 at (659.6, 511.4)
2026-07-02 Thursday 14:06:36 root:INFO:Received Threat id=21 at (710.5, 810.3)
2026-07-02 Thursday 14:06:36 root:INFO:Received Threat id=20 at (648.4, 513.2)
2026-07-02 Thursday 14:06:36 root:INFO:Received Threat id=21 at (701.7, 803.1)
2026-07-02 Thursday 14:06:37 root:INFO:Received Threat id=20 at (637.1, 515.1)
2026-07-02 Thursday 14:06:37 root:INFO:Received Threat id=21 at (692.9, 795.8)
2026-07-02 Thursday 14:06:37 root:INFO:Received Threat id=20 at (626.0, 516.9)
2026-07-02 Thursday 14:06:37 root:INFO:Received Threat id=21 at (684.2, 788.6)
2026-07-02 Thursday 14:06:38 root:INFO:Received Threat id=20 at (614.8, 518.7)
2026-07-02 Thursday 14:06:38 root:INFO:Received Threat id=21 at (675.5, 781.4)
2026-07-02 Thursday 14:06:38 root:INFO:Received Threat id=20 at (603.4, 520.6)
2026-07-02 Thursday 14:06:38 root:INFO:Received Threat id=21 at (666.6, 774.1)
2026-07-02 Thursday 14:06:39 root:INFO:Received Threat id=20 at (592.1, 522.5)
2026-07-02 Thursday 14:06:39 root:INFO:Received Threat id=21 at (657.7, 766.8)
2026-07-02 Thursday 14:06:39 root:INFO:Received Threat id=20 at (580.9, 524.3)
2026-07-02 Thursday 14:06:39 root:INFO:Received Threat id=21 at (649.0, 759.6)
2026-07-02 Thursday 14:06:40 root:INFO:Received Threat id=20 at (569.6, 526.2)
2026-07-02 Thursday 14:06:40 root:INFO:Received Threat id=21 at (640.1, 752.2)
2026-07-02 Thursday 14:06:40 root:INFO:Received Threat id=20 at (558.4, 528.0)
2026-07-02 Thursday 14:06:40 root:INFO:Received Threat id=21 at (631.3, 745.0)
2026-07-02 Thursday 14:06:41 root:INFO:Received Threat id=22 at (100.9, 887.8)
2026-07-02 Thursday 14:06:41 root:INFO:Received Threat id=20 at (547.0, 529.8)
2026-07-02 Thursday 14:06:41 root:INFO:Received Threat id=21 at (622.5, 737.7)
2026-07-02 Thursday 14:06:41 root:INFO:Received Threat id=22 at (104.0, 884.4)
2026-07-02 Thursday 14:06:41 root:INFO:Received Threat id=20 at (535.9, 531.7)
2026-07-02 Thursday 14:06:41 root:INFO:Received Threat id=21 at (613.8, 730.5)
2026-07-02 Thursday 14:06:41 root:INFO:Received Threat id=22 at (111.5, 876.0)
2026-07-02 Thursday 14:06:42 root:INFO:Received Threat id=20 at (524.8, 533.5)
2026-07-02 Thursday 14:06:42 root:INFO:Received Threat id=21 at (605.1, 723.3)
2026-07-02 Thursday 14:06:42 root:INFO:Received Threat id=22 at (119.0, 867.6)
2026-07-02 Thursday 14:06:42 root:INFO:Received Threat id=20 at (513.6, 535.3)
2026-07-02 Thursday 14:06:42 root:INFO:Received Threat id=21 at (596.4, 716.1)
2026-07-02 Thursday 14:06:42 root:INFO:Received Threat id=22 at (126.6, 859.1)
2026-07-02 Thursday 14:06:43 root:INFO:Received Threat id=20 at (502.3, 537.2)
2026-07-02 Thursday 14:06:43 root:INFO:Received Threat id=21 at (587.6, 708.8)
2026-07-02 Thursday 14:06:43 root:INFO:Received Threat id=22 at (134.2, 850.6)
2026-07-02 Thursday 14:06:43 root:INFO:Received Threat id=20 at (491.1, 539.0)
2026-07-02 Thursday 14:06:43 root:INFO:Received Threat id=21 at (578.8, 701.6)
2026-07-02 Thursday 14:06:43 root:INFO:Received Threat id=22 at (141.8, 842.1)
2026-07-02 Thursday 14:06:44 root:INFO:Received Threat id=20 at (479.8, 540.9)
2026-07-02 Thursday 14:06:44 root:INFO:Received Threat id=21 at (570.0, 694.3)
2026-07-02 Thursday 14:06:44 root:INFO:Received Threat id=22 at (149.4, 833.7)
2026-07-02 Thursday 14:06:44 root:INFO:Received Threat id=20 at (468.6, 542.7)
2026-07-02 Thursday 14:06:44 root:INFO:Received Threat id=21 at (561.2, 687.1)
2026-07-02 Thursday 14:06:44 root:INFO:Received Threat id=22 at (157.0, 825.2)
2026-07-02 Thursday 14:06:45 root:INFO:Received Threat id=21 at (552.4, 679.8)
2026-07-02 Thursday 14:06:45 root:INFO:Received Threat id=22 at (164.7, 816.7)
2026-07-02 Thursday 14:06:45 root:INFO:Received Threat id=21 at (543.6, 672.5)
2026-07-02 Thursday 14:06:45 root:INFO:Received Threat id=22 at (172.3, 808.1)
2026-07-02 Thursday 14:06:46 root:INFO:Received Threat id=21 at (534.8, 665.3)
2026-07-02 Thursday 14:06:46 root:INFO:Received Threat id=22 at (179.9, 799.7)
2026-07-02 Thursday 14:06:46 root:INFO:Received Threat id=21 at (526.1, 658.1)
2026-07-02 Thursday 14:06:46 root:INFO:Received Threat id=22 at (187.4, 791.3)
2026-07-02 Thursday 14:06:47 root:INFO:Received Threat id=21 at (517.3, 650.8)
2026-07-02 Thursday 14:06:47 root:INFO:Received Threat id=22 at (195.0, 782.7)
2026-07-02 Thursday 14:06:47 root:INFO:Received Threat id=21 at (508.4, 643.5)
2026-07-02 Thursday 14:06:47 root:INFO:Received Threat id=22 at (202.7, 774.2)
2026-07-02 Thursday 14:06:48 root:INFO:Received Threat id=21 at (499.6, 636.2)
2026-07-02 Thursday 14:06:48 root:INFO:Received Threat id=22 at (210.3, 765.7)
2026-07-02 Thursday 14:06:49 root:INFO:Received Threat id=21 at (490.8, 629.0)
2026-07-02 Thursday 14:06:49 root:INFO:Received Threat id=22 at (217.9, 757.2)
2026-07-02 Thursday 14:06:49 root:INFO:Received Threat id=23 at (854.6, 543.6)
2026-07-02 Thursday 14:06:49 root:INFO:Received Threat id=21 at (482.0, 621.7)
2026-07-02 Thursday 14:06:49 root:INFO:Received Threat id=22 at (225.6, 748.7)
2026-07-02 Thursday 14:06:49 root:INFO:Received Threat id=23 at (845.4, 543.8)
2026-07-02 Thursday 14:06:50 root:INFO:Received Threat id=21 at (473.1, 614.4)
2026-07-02 Thursday 14:06:50 root:INFO:Received Threat id=22 at (233.2, 740.1)
2026-07-02 Thursday 14:06:50 root:INFO:Received Threat id=23 at (834.0, 544.1)
2026-07-02 Thursday 14:06:50 root:INFO:Received Threat id=21 at (464.3, 607.1)
2026-07-02 Thursday 14:06:50 root:INFO:Received Threat id=22 at (240.9, 731.6)
2026-07-02 Thursday 14:06:50 root:INFO:Received Threat id=23 at (822.5, 544.3)
2026-07-02 Thursday 14:06:51 root:INFO:Received Threat id=22 at (248.5, 723.1)
2026-07-02 Thursday 14:06:51 root:INFO:Received Threat id=23 at (811.1, 544.6)
2026-07-02 Thursday 14:06:51 root:INFO:Received Threat id=22 at (256.1, 714.6)
2026-07-02 Thursday 14:06:51 root:INFO:Received Threat id=23 at (799.7, 544.9)
2026-07-02 Thursday 14:06:52 root:INFO:Received Threat id=22 at (263.7, 706.2)
2026-07-02 Thursday 14:06:52 root:INFO:Received Threat id=23 at (788.4, 545.1)
2026-07-02 Thursday 14:06:52 root:INFO:Received Threat id=22 at (271.2, 697.7)
2026-07-02 Thursday 14:06:52 root:INFO:Received Threat id=23 at (777.0, 545.4)
2026-07-02 Thursday 14:06:53 root:INFO:Received Threat id=22 at (278.9, 689.2)
2026-07-02 Thursday 14:06:53 root:INFO:Received Threat id=23 at (765.6, 545.6)
2026-07-02 Thursday 14:06:53 root:INFO:Received Threat id=22 at (286.5, 680.7)
2026-07-02 Thursday 14:06:53 root:INFO:Received Threat id=23 at (754.2, 545.9)
2026-07-02 Thursday 14:06:57 root:INFO:EffectorActionTopic Listener Callback On Publication Match
2026-07-02 Thursday 14:06:57 root:INFO:EffectorActionTopic Writer Subs: 0 -1
2026-07-02 Thursday 14:07:05 root:INFO:Effector Exiting
2026-07-02 Thursday 14:42:36 root:INFO:Effector Powering Up
2026-07-02 Thursday 14:42:36 root:INFO:Writer created for type EffectorAction
2026-07-02 Thursday 14:42:36 root:INFO:Reader created for type Threat
2026-07-02 Thursday 14:42:36 root:INFO:Reader Thread running for Threat
2026-07-02 Thursday 14:42:36 root:INFO:EffectorActionTopic Listener Callback On Publication Match
2026-07-02 Thursday 14:42:36 root:INFO:EffectorActionTopic Writer Subs: 1 1
2026-07-02 Thursday 14:42:38 root:INFO:Effector listening for threats on domain 0
2026-07-02 Thursday 14:42:44 root:INFO:Effector Exiting
2026-07-02 Thursday 14:43:37 root:INFO:Effector Powering Up
2026-07-02 Thursday 14:43:37 root:INFO:Writer created for type EffectorAction
2026-07-02 Thursday 14:43:37 root:INFO:Reader created for type Threat
2026-07-02 Thursday 14:43:37 root:INFO:EffectorActionTopic Listener Callback On Publication Match
2026-07-02 Thursday 14:43:37 root:INFO:EffectorActionTopic Writer Subs: 1 1
2026-07-02 Thursday 14:43:37 root:INFO:Reader Thread running for Threat
2026-07-02 Thursday 14:43:39 root:INFO:Effector listening for threats on domain 0
2026-07-02 Thursday 14:43:48 root:INFO:Received Threat id=4 at (515.0, 292.0)
2026-07-02 Thursday 14:43:48 root:INFO:Received Threat id=4 at (514.1, 294.0)
2026-07-02 Thursday 14:43:49 root:INFO:Received Threat id=4 at (509.7, 304.1)
2026-07-02 Thursday 14:43:49 root:INFO:Received Threat id=5 at (344.0, 246.0)
2026-07-02 Thursday 14:43:50 root:INFO:Received Threat id=4 at (505.3, 314.2)
2026-07-02 Thursday 14:43:50 root:INFO:Received Threat id=5 at (344.9, 251.1)
2026-07-02 Thursday 14:43:50 root:INFO:Received Threat id=5 at (346.9, 261.9)
2026-07-02 Thursday 14:43:50 root:INFO:Received Threat id=6 at (166.0, 211.0)
2026-07-02 Thursday 14:43:51 root:INFO:Received Threat id=5 at (348.9, 272.7)
2026-07-02 Thursday 14:43:51 root:INFO:Received Threat id=6 at (169.7, 216.5)
2026-07-02 Thursday 14:43:51 root:INFO:Received Threat id=6 at (175.9, 225.6)
2026-07-02 Thursday 14:43:51 root:INFO:Received Threat id=7 at (677.0, 249.0)
2026-07-02 Thursday 14:43:52 root:INFO:Received Threat id=6 at (182.1, 234.6)
2026-07-02 Thursday 14:43:52 root:INFO:Received Threat id=7 at (673.1, 253.3)
2026-07-02 Thursday 14:43:52 root:INFO:Received Threat id=6 at (188.3, 243.7)
2026-07-02 Thursday 14:43:52 root:INFO:Received Threat id=7 at (665.6, 261.5)
2026-07-02 Thursday 14:43:53 root:INFO:Received Threat id=6 at (194.5, 252.8)
2026-07-02 Thursday 14:43:53 root:INFO:Received Threat id=7 at (658.2, 269.6)
2026-07-02 Thursday 14:43:53 root:INFO:Received Threat id=6 at (200.7, 261.9)
2026-07-02 Thursday 14:43:53 root:INFO:Received Threat id=7 at (650.8, 277.8)
2026-07-02 Thursday 14:43:54 root:INFO:Received Threat id=6 at (207.0, 271.0)
2026-07-02 Thursday 14:43:54 root:INFO:Received Threat id=7 at (643.4, 285.9)
2026-07-02 Thursday 14:43:54 root:INFO:Received Threat id=6 at (213.2, 280.1)
2026-07-02 Thursday 14:43:54 root:INFO:Received Threat id=7 at (636.0, 294.1)
2026-07-02 Thursday 14:43:55 root:INFO:Received Threat id=7 at (628.6, 302.2)
2026-07-02 Thursday 14:43:55 root:INFO:Received Threat id=7 at (621.2, 310.4)
2026-07-02 Thursday 14:44:11 root:INFO:Effector Exiting
2026-07-02 Thursday 17:39:42 root:INFO:Effector Powering Up
2026-07-02 Thursday 17:39:42 root:INFO:Writer created for type EffectorAction
2026-07-02 Thursday 17:39:42 root:INFO:Reader created for type Threat
2026-07-02 Thursday 17:39:42 root:INFO:Reader Thread running for Threat
2026-07-02 Thursday 17:39:42 root:INFO:EffectorActionTopic Listener Callback On Publication Match
2026-07-02 Thursday 17:39:42 root:INFO:EffectorActionTopic Writer Subs: 1 1
2026-07-02 Thursday 17:39:44 root:INFO:Effector listening for threats on domain 0
2026-07-02 Thursday 17:39:57 root:INFO:Received Threat id=4 at (516.0, 258.0)
2026-07-02 Thursday 17:39:57 root:INFO:Received Threat id=4 at (512.8, 266.2)
2026-07-02 Thursday 17:39:57 root:INFO:Received Threat id=5 at (301.0, 245.0)
2026-07-02 Thursday 17:39:57 root:INFO:Received Threat id=4 at (508.8, 276.4)
2026-07-02 Thursday 17:39:57 root:INFO:Received Threat id=5 at (301.8, 247.4)
2026-07-02 Thursday 17:39:58 root:INFO:Received Threat id=5 at (305.1, 257.9)
2026-07-02 Thursday 17:39:58 root:INFO:Received Threat id=5 at (308.5, 268.4)
2026-07-02 Thursday 17:39:58 root:INFO:Received Threat id=6 at (120.0, 302.0)
2026-07-02 Thursday 17:39:59 root:INFO:Received Threat id=6 at (128.2, 309.4)
2026-07-02 Thursday 17:39:59 root:INFO:Received Threat id=6 at (136.4, 316.7)
2026-07-02 Thursday 17:40:00 root:INFO:Received Threat id=7 at (718.0, 403.0)
2026-07-02 Thursday 17:40:00 root:INFO:Received Threat id=6 at (144.6, 324.1)
2026-07-02 Thursday 17:40:00 root:INFO:Received Threat id=7 at (714.4, 404.7)
2026-07-02 Thursday 17:40:00 root:INFO:Received Threat id=6 at (152.7, 331.5)
2026-07-02 Thursday 17:40:00 root:INFO:Received Threat id=7 at (704.4, 409.5)
2026-07-02 Thursday 17:40:01 root:INFO:Received Threat id=7 at (694.5, 414.2)
2026-07-02 Thursday 17:40:03 root:INFO:Received Threat id=8 at (585.0, 346.0)
2026-07-02 Thursday 17:40:04 root:INFO:Received Threat id=8 at (578.4, 353.4)
2026-07-02 Thursday 17:40:04 root:INFO:Received Threat id=8 at (571.1, 361.6)
2026-07-02 Thursday 17:40:05 root:INFO:Received Threat id=9 at (480.0, 252.0)
2026-07-02 Thursday 17:40:05 root:INFO:Received Threat id=9 at (479.3, 254.5)
2026-07-02 Thursday 17:40:05 root:INFO:Received Threat id=9 at (476.5, 265.1)
2026-07-02 Thursday 17:40:06 root:INFO:Received Threat id=9 at (473.7, 275.8)
2026-07-02 Thursday 17:40:06 root:INFO:Received Threat id=10 at (292.0, 261.0)
2026-07-02 Thursday 17:40:06 root:INFO:Received Threat id=10 at (292.3, 261.7)
2026-07-02 Thursday 17:40:07 root:INFO:Received Threat id=10 at (296.1, 272.0)
2026-07-02 Thursday 17:40:07 root:INFO:Received Threat id=10 at (299.9, 282.4)
2026-07-02 Thursday 17:40:08 root:INFO:Received Threat id=10 at (303.7, 292.7)
2026-07-02 Thursday 17:40:08 root:INFO:Received Threat id=11 at (620.0, 305.0)
2026-07-02 Thursday 17:40:08 root:INFO:Received Threat id=11 at (617.3, 308.0)
2026-07-02 Thursday 17:40:09 root:INFO:Received Threat id=11 at (610.0, 316.3)
2026-07-02 Thursday 17:40:09 root:INFO:Received Threat id=11 at (602.7, 324.5)
2026-07-02 Thursday 17:40:46 root:INFO:Received Threat id=12 at (327.0, 303.0)
2026-07-02 Thursday 17:40:46 root:INFO:Received Threat id=12 at (328.5, 308.3)
2026-07-02 Thursday 17:40:46 root:INFO:Received Threat id=12 at (331.6, 318.9)
2026-07-02 Thursday 17:40:47 root:INFO:Received Threat id=13 at (230.0, 287.0)
2026-07-02 Thursday 17:40:47 root:INFO:Received Threat id=13 at (233.5, 292.6)
2026-07-02 Thursday 17:40:47 root:INFO:Received Threat id=14 at (480.0, 320.0)
2026-07-02 Thursday 17:40:47 root:INFO:Received Threat id=13 at (239.5, 301.9)
2026-07-02 Thursday 17:40:47 root:INFO:Received Threat id=14 at (479.1, 322.8)
2026-07-02 Thursday 17:40:48 root:INFO:Received Threat id=13 at (245.4, 311.1)
2026-07-02 Thursday 17:40:48 root:INFO:Received Threat id=14 at (475.5, 333.2)
2026-07-02 Thursday 17:40:58 root:INFO:Received Threat id=15 at (468.0, 333.0)
2026-07-02 Thursday 17:40:58 root:INFO:Received Threat id=15 at (467.1, 335.8)
2026-07-02 Thursday 17:40:58 root:INFO:Received Threat id=15 at (463.9, 346.3)
2026-07-02 Thursday 17:40:58 root:INFO:Received Threat id=16 at (316.0, 292.0)
2026-07-02 Thursday 17:40:59 root:INFO:Received Threat id=16 at (318.8, 300.7)
2026-07-02 Thursday 17:40:59 root:INFO:Received Threat id=17 at (633.0, 410.0)
2026-07-02 Thursday 17:40:59 root:INFO:Received Threat id=16 at (322.2, 311.2)
2026-07-02 Thursday 17:40:59 root:INFO:Received Threat id=17 at (629.6, 412.1)
2026-07-02 Thursday 17:41:00 root:INFO:Received Threat id=17 at (620.2, 417.9)
2026-07-02 Thursday 17:41:00 root:INFO:Received Threat id=18 at (138.0, 345.0)
2026-07-02 Thursday 17:41:00 root:INFO:Received Threat id=18 at (142.9, 348.9)
2026-07-02 Thursday 17:41:01 root:INFO:Received Threat id=18 at (151.5, 355.8)
2026-07-02 Thursday 17:41:01 root:INFO:Received Threat id=18 at (160.1, 362.6)
2026-07-02 Thursday 17:41:02 root:INFO:Received Threat id=18 at (168.7, 369.5)
2026-07-03 Friday 08:54:30 root:INFO:Received Threat id=19 at (546.0, 231.0)
2026-07-03 Friday 08:54:30 root:INFO:Received Threat id=19 at (542.8, 238.0)
2026-07-03 Friday 08:54:31 root:INFO:Received Threat id=19 at (538.3, 248.0)
2026-07-03 Friday 08:54:31 root:INFO:Received Threat id=20 at (247.0, 250.0)
2026-07-03 Friday 08:54:31 root:INFO:Received Threat id=19 at (533.8, 258.1)
2026-07-03 Friday 08:54:31 root:INFO:Received Threat id=20 at (251.5, 258.9)
2026-07-03 Friday 08:54:31 root:INFO:Received Threat id=21 at (157.0, 289.0)
2026-07-03 Friday 08:54:32 root:INFO:Received Threat id=20 at (256.6, 269.0)
2026-07-03 Friday 08:54:32 root:INFO:Received Threat id=21 at (161.7, 294.1)
2026-07-03 Friday 08:54:32 root:INFO:Received Threat id=22 at (695.0, 362.0)
2026-07-03 Friday 08:54:32 root:INFO:Received Threat id=20 at (261.5, 278.8)
2026-07-03 Friday 08:54:32 root:INFO:Received Threat id=21 at (169.2, 302.3)
2026-07-03 Friday 08:54:32 root:INFO:Received Threat id=22 at (693.5, 363.0)
2026-07-03 Friday 08:54:33 root:INFO:Received Threat id=21 at (176.6, 310.4)
2026-07-03 Friday 08:54:33 root:INFO:Received Threat id=22 at (684.2, 369.0)
2026-07-03 Friday 08:54:33 root:INFO:Received Threat id=21 at (184.0, 318.5)
2026-07-03 Friday 08:54:33 root:INFO:Received Threat id=22 at (675.0, 375.0)
2026-07-03 Friday 08:54:34 root:INFO:Received Threat id=22 at (665.8, 381.0)
2026-07-03 Friday 08:54:34 root:INFO:Received Threat id=23 at (512.0, 296.0)
2026-07-03 Friday 08:54:34 root:INFO:Received Threat id=23 at (511.6, 297.0)
2026-07-03 Friday 08:54:35 root:INFO:Received Threat id=23 at (507.2, 307.1)
2026-07-03 Friday 08:54:35 root:INFO:Received Threat id=24 at (289.0, 244.0)
2026-07-03 Friday 08:54:35 root:INFO:Received Threat id=23 at (502.8, 317.2)
2026-07-03 Friday 08:54:35 root:INFO:Received Threat id=24 at (291.6, 251.2)
2026-07-03 Friday 08:54:36 root:INFO:Received Threat id=24 at (295.3, 261.6)
2026-07-03 Friday 08:54:36 root:INFO:Received Threat id=24 at (299.0, 272.0)
2026-07-03 Friday 08:54:52 root:INFO:Effector Exiting
2026-07-03 Friday 09:02:11 root:INFO:Effector Powering Up
2026-07-03 Friday 09:02:12 root:INFO:Writer created for type EffectorAction
2026-07-03 Friday 09:02:12 root:INFO:Reader created for type Threat
2026-07-03 Friday 09:02:12 root:INFO:Reader Thread running for Threat
2026-07-03 Friday 09:02:12 root:INFO:EffectorActionTopic Listener Callback On Publication Match
2026-07-03 Friday 09:02:12 root:INFO:EffectorActionTopic Writer Subs: 1 1
2026-07-03 Friday 09:02:14 root:INFO:Effector listening for threats on domain 0
2026-07-03 Friday 09:02:39 root:INFO:EffectorActionTopic Listener Callback On Publication Match
2026-07-03 Friday 09:02:39 root:INFO:EffectorActionTopic Writer Subs: 2 1
2026-07-03 Friday 09:02:41 root:INFO:Received Threat id=1 at (210.0, 238.0)
2026-07-03 Friday 09:02:41 root:INFO:Received Threat id=1 at (213.0, 243.0)
2026-07-03 Friday 09:02:41 root:INFO:Received Threat id=2 at (436.0, 225.0)
2026-07-03 Friday 09:02:41 root:INFO:Received Threat id=1 at (218.7, 252.5)
2026-07-03 Friday 09:02:41 root:INFO:Received Threat id=2 at (435.5, 229.2)
2026-07-03 Friday 09:02:42 root:INFO:Received Threat id=1 at (224.5, 262.2)
2026-07-03 Friday 09:02:42 root:INFO:Received Threat id=2 at (434.3, 240.5)
2026-07-03 Friday 09:02:42 root:INFO:Received Threat id=1 at (230.2, 271.6)
2026-07-03 Friday 09:02:42 root:INFO:Received Threat id=2 at (433.1, 251.4)
2026-07-03 Friday 09:02:43 root:INFO:Received Threat id=3 at (353.0, 561.0)
2026-07-03 Friday 09:02:43 root:INFO:Received Threat id=4 at (421.0, 574.0)
2026-07-03 Friday 09:02:45 root:INFO:Received Threat id=5 at (529.0, 497.0)
2026-07-03 Friday 09:02:45 root:INFO:Received Threat id=5 at (524.3, 499.1)
2026-07-03 Friday 09:02:45 root:INFO:Received Threat id=6 at (423.0, 314.0)
2026-07-03 Friday 09:02:45 root:INFO:Received Threat id=6 at (422.9, 315.1)
2026-07-03 Friday 09:02:46 root:INFO:Received Threat id=6 at (421.8, 326.0)
2026-07-03 Friday 09:02:46 root:INFO:Received Threat id=7 at (152.0, 237.0)
2026-07-03 Friday 09:02:46 root:INFO:Received Threat id=6 at (420.8, 337.0)
2026-07-03 Friday 09:02:46 root:INFO:Received Threat id=7 at (158.8, 245.7)
2026-07-03 Friday 09:02:46 root:INFO:Received Threat id=8 at (158.0, 162.0)
2026-07-03 Friday 09:02:47 root:INFO:Received Threat id=7 at (165.6, 254.3)
2026-07-03 Friday 09:02:47 root:INFO:Received Threat id=8 at (163.2, 170.4)
2026-07-03 Friday 09:02:47 root:INFO:Received Threat id=9 at (483.0, 189.0)
2026-07-03 Friday 09:02:47 root:INFO:Received Threat id=7 at (172.4, 263.0)
2026-07-03 Friday 09:02:47 root:INFO:Received Threat id=8 at (169.0, 179.8)
2026-07-03 Friday 09:02:47 root:INFO:Received Threat id=9 at (480.8, 198.7)
2026-07-03 Friday 09:02:48 root:INFO:Received Threat id=10 at (586.0, 449.0)
2026-07-03 Friday 09:02:48 root:INFO:Received Threat id=7 at (179.1, 271.7)
2026-07-03 Friday 09:02:48 root:INFO:Received Threat id=8 at (174.8, 189.2)
2026-07-03 Friday 09:02:48 root:INFO:Received Threat id=9 at (478.4, 209.4)
2026-07-03 Friday 09:02:48 root:INFO:Received Threat id=10 at (579.3, 452.8)
2026-07-03 Friday 09:02:48 root:INFO:Received Threat id=7 at (185.9, 280.4)
2026-07-03 Friday 09:02:48 root:INFO:Received Threat id=8 at (180.6, 198.5)
2026-07-03 Friday 09:02:48 root:INFO:Received Threat id=9 at (475.9, 220.1)
2026-07-03 Friday 09:02:48 root:INFO:Received Threat id=10 at (569.7, 458.2)
2026-07-03 Friday 09:02:49 root:INFO:Received Threat id=7 at (192.7, 289.0)
2026-07-03 Friday 09:02:49 root:INFO:Received Threat id=8 at (186.3, 207.9)
2026-07-03 Friday 09:02:49 root:INFO:Received Threat id=9 at (473.5, 230.9)
2026-07-03 Friday 09:02:49 root:INFO:Received Threat id=7 at (199.5, 297.7)
2026-07-03 Friday 09:02:49 root:INFO:Received Threat id=8 at (192.1, 217.3)
2026-07-03 Friday 09:02:49 root:INFO:Received Threat id=9 at (471.0, 241.6)
2026-07-03 Friday 09:02:50 root:INFO:Received Threat id=8 at (197.9, 226.6)
2026-07-03 Friday 09:02:50 root:INFO:Received Threat id=9 at (468.6, 252.3)
2026-07-03 Friday 09:02:50 root:INFO:Received Threat id=8 at (203.7, 236.0)
2026-07-03 Friday 09:02:50 root:INFO:Received Threat id=9 at (466.2, 263.1)
2026-07-03 Friday 09:02:51 root:INFO:Received Threat id=8 at (209.5, 245.4)
2026-07-03 Friday 09:02:51 root:INFO:Received Threat id=9 at (463.7, 273.8)
2026-07-03 Friday 09:02:51 root:INFO:Received Threat id=8 at (215.3, 254.7)
2026-07-03 Friday 09:02:51 root:INFO:Received Threat id=9 at (461.3, 284.5)
2026-07-03 Friday 09:02:52 root:INFO:Received Threat id=8 at (221.0, 264.1)
2026-07-03 Friday 09:02:52 root:INFO:Received Threat id=9 at (458.8, 295.3)
2026-07-03 Friday 09:02:52 root:INFO:Received Threat id=8 at (226.8, 273.5)
2026-07-03 Friday 09:02:52 root:INFO:Received Threat id=9 at (456.4, 306.0)
2026-07-03 Friday 09:02:53 root:INFO:Received Threat id=8 at (232.6, 282.8)
2026-07-03 Friday 09:02:53 root:INFO:Received Threat id=9 at (454.0, 316.7)
2026-07-03 Friday 09:02:53 root:INFO:Received Threat id=9 at (451.5, 327.5)
2026-07-03 Friday 09:02:54 root:INFO:Received Threat id=9 at (449.1, 338.2)
2026-07-03 Friday 09:02:54 root:INFO:Received Threat id=9 at (446.6, 349.0)
2026-07-03 Friday 09:02:55 root:INFO:Received Threat id=9 at (444.2, 359.7)
2026-07-03 Friday 09:02:55 root:INFO:Received Threat id=9 at (441.7, 370.4)
2026-07-03 Friday 09:02:56 root:INFO:Received Threat id=9 at (439.3, 381.2)
2026-07-03 Friday 09:02:56 root:INFO:Received Threat id=9 at (436.9, 391.9)
2026-07-03 Friday 09:02:57 root:INFO:Received Threat id=9 at (434.4, 402.6)
2026-07-03 Friday 09:02:57 root:INFO:Received Threat id=9 at (432.0, 413.4)
2026-07-03 Friday 09:02:58 root:INFO:Received Threat id=9 at (429.5, 424.2)
2026-07-03 Friday 09:02:58 root:INFO:Received Threat id=9 at (427.1, 435.0)
2026-07-03 Friday 09:02:59 root:INFO:Received Threat id=9 at (424.6, 445.7)
2026-07-03 Friday 09:02:59 root:INFO:Received Threat id=9 at (422.2, 456.4)
2026-07-03 Friday 09:03:00 root:INFO:Received Threat id=9 at (419.7, 467.2)
2026-07-03 Friday 09:03:00 root:INFO:Received Threat id=9 at (417.2, 478.3)
2026-07-03 Friday 09:03:01 root:INFO:Received Threat id=9 at (414.7, 489.4)
2026-07-03 Friday 09:03:01 root:INFO:Received Threat id=9 at (412.3, 500.1)
2026-07-03 Friday 09:03:28 root:INFO:Received Threat id=11 at (408.0, 280.0)
2026-07-03 Friday 09:03:28 root:INFO:Received Threat id=11 at (408.0, 281.5)
2026-07-03 Friday 09:03:28 root:INFO:Received Threat id=11 at (407.6, 292.5)
2026-07-03 Friday 09:03:29 root:INFO:Received Threat id=12 at (199.0, 324.0)
2026-07-03 Friday 09:03:29 root:INFO:Received Threat id=11 at (407.3, 303.5)
2026-07-03 Friday 09:03:29 root:INFO:Received Threat id=12 at (199.7, 324.8)
2026-07-03 Friday 09:03:29 root:INFO:Received Threat id=12 at (207.0, 333.1)
2026-07-03 Friday 09:03:29 root:INFO:Received Threat id=13 at (283.0, 518.0)
2026-07-03 Friday 09:03:30 root:INFO:Received Threat id=12 at (214.2, 341.4)
2026-07-03 Friday 09:03:30 root:INFO:Received Threat id=13 at (290.4, 520.3)
2026-07-03 Friday 09:03:30 root:INFO:Received Threat id=14 at (460.0, 564.0)
2026-07-03 Friday 09:03:30 root:INFO:Received Threat id=12 at (221.5, 349.7)
2026-07-03 Friday 09:03:31 root:INFO:Received Threat id=15 at (587.0, 394.0)
2026-07-03 Friday 09:03:31 root:INFO:Received Threat id=15 at (580.3, 399.7)
2026-07-03 Friday 09:03:32 root:INFO:Received Threat id=15 at (571.9, 406.9)
2026-07-03 Friday 09:03:32 root:INFO:Received Threat id=16 at (481.0, 351.0)
2026-07-03 Friday 09:03:33 root:INFO:Received Threat id=16 at (477.2, 360.5)
2026-07-03 Friday 09:03:33 root:INFO:Received Threat id=16 at (473.1, 370.8)
2026-07-03 Friday 09:04:12 root:INFO:EffectorActionTopic Listener Callback On Publication Match
2026-07-03 Friday 09:04:12 root:INFO:EffectorActionTopic Writer Subs: 1 -1
2026-07-03 Friday 09:10:40 root:INFO:Effector Exiting
2026-07-03 Friday 09:10:56 root:INFO:Effector Powering Up
2026-07-03 Friday 09:10:56 root:INFO:Writer created for type EffectorAction
2026-07-03 Friday 09:10:56 root:INFO:Reader created for type Threat
2026-07-03 Friday 09:10:56 root:INFO:EffectorActionTopic Listener Callback On Publication Match
2026-07-03 Friday 09:10:56 root:INFO:Reader Thread running for Threat
2026-07-03 Friday 09:10:56 root:INFO:EffectorActionTopic Writer Subs: 1 1
2026-07-03 Friday 09:10:58 root:INFO:Effector listening for threats on domain 0
2026-07-03 Friday 09:15:18 root:INFO:EffectorActionTopic Listener Callback On Publication Match
2026-07-03 Friday 09:15:18 root:INFO:EffectorActionTopic Writer Subs: 2 1
2026-07-03 Friday 09:15:26 root:INFO:Effector Exiting
2026-07-03 Friday 09:15:28 root:INFO:Effector Powering Up
2026-07-03 Friday 09:15:28 root:INFO:Writer created for type EffectorAction
2026-07-03 Friday 09:15:28 root:INFO:Reader created for type Threat
2026-07-03 Friday 09:15:28 root:INFO:EffectorActionTopic Listener Callback On Publication Match
2026-07-03 Friday 09:15:28 root:INFO:Reader Thread running for Threat
2026-07-03 Friday 09:15:28 root:INFO:EffectorActionTopic Writer Subs: 1 1
2026-07-03 Friday 09:15:30 root:INFO:Effector listening for threats on domain 0
2026-07-03 Friday 09:15:38 root:INFO:Received Threat id=1 at (399.0, 282.0)
2026-07-03 Friday 09:15:38 root:INFO:Received Threat id=1 at (399.0, 282.7)
2026-07-03 Friday 09:15:39 root:INFO:Received Threat id=1 at (399.0, 293.7)
2026-07-03 Friday 09:15:39 root:INFO:Received Threat id=2 at (590.0, 290.0)
2026-07-03 Friday 09:15:39 root:INFO:Received Threat id=1 at (399.1, 304.7)
2026-07-03 Friday 09:15:39 root:INFO:Received Threat id=2 at (585.1, 296.8)
2026-07-03 Friday 09:15:39 root:INFO:Received Threat id=3 at (678.0, 398.0)
2026-07-03 Friday 09:15:40 root:INFO:Received Threat id=2 at (578.6, 305.8)
2026-07-03 Friday 09:15:40 root:INFO:Received Threat id=3 at (671.6, 401.6)
2026-07-03 Friday 09:15:40 root:INFO:Received Threat id=4 at (174.0, 329.0)
2026-07-03 Friday 09:15:40 root:INFO:Received Threat id=2 at (572.2, 314.7)
2026-07-03 Friday 09:15:40 root:INFO:Received Threat id=3 at (662.0, 407.0)
2026-07-03 Friday 09:15:40 root:INFO:Received Threat id=4 at (178.2, 333.1)
2026-07-03 Friday 09:15:41 root:INFO:Received Threat id=4 at (186.0, 340.9)
2026-07-03 Friday 09:15:41 root:INFO:Received Threat id=4 at (193.8, 348.7)
2026-07-03 Friday 09:15:41 root:INFO:Received Threat id=5 at (377.0, 558.0)
2026-07-03 Friday 09:15:42 root:INFO:Received Threat id=6 at (408.0, 570.0)
2026-07-03 Friday 09:15:42 root:INFO:Received Threat id=7 at (510.0, 273.0)
2026-07-03 Friday 09:15:43 root:INFO:Received Threat id=7 at (509.3, 274.7)
2026-07-03 Friday 09:15:43 root:INFO:Received Threat id=7 at (505.3, 285.0)
2026-07-03 Friday 09:15:44 root:INFO:Received Threat id=7 at (501.3, 295.2)
2026-07-03 Friday 09:21:03 root:INFO:EffectorActionTopic Listener Callback On Publication Match
2026-07-03 Friday 09:21:03 root:INFO:EffectorActionTopic Writer Subs: 2 1
2026-07-03 Friday 09:21:11 root:INFO:Effector Exiting
2026-07-03 Friday 09:21:13 root:INFO:Effector Powering Up
2026-07-03 Friday 09:21:13 root:INFO:Writer created for type EffectorAction
2026-07-03 Friday 09:21:13 root:INFO:Reader created for type Threat
2026-07-03 Friday 09:21:13 root:INFO:EffectorActionTopic Listener Callback On Publication Match
2026-07-03 Friday 09:21:13 root:INFO:EffectorActionTopic Writer Subs: 1 1
2026-07-03 Friday 09:21:13 root:INFO:Reader Thread running for Threat
2026-07-03 Friday 09:21:15 root:INFO:Effector listening for threats on domain 0
2026-07-03 Friday 09:21:24 root:INFO:Received Threat id=1 at (522.0, 358.0)
2026-07-03 Friday 09:21:24 root:INFO:Received Threat id=1 at (521.8, 358.3)
2026-07-03 Friday 09:21:25 root:INFO:Received Threat id=1 at (516.0, 367.7)
2026-07-03 Friday 09:21:25 root:INFO:Received Threat id=2 at (324.0, 273.0)
2026-07-03 Friday 09:21:25 root:INFO:Received Threat id=2 at (326.6, 282.6)
2026-07-03 Friday 09:21:25 root:INFO:Received Threat id=3 at (167.0, 357.0)
2026-07-03 Friday 09:21:26 root:INFO:Received Threat id=2 at (329.5, 293.4)
2026-07-03 Friday 09:21:26 root:INFO:Received Threat id=3 at (174.1, 363.0)
2026-07-03 Friday 09:21:26 root:INFO:Received Threat id=4 at (669.0, 348.0)
2026-07-03 Friday 09:21:26 root:INFO:Received Threat id=3 at (182.6, 370.2)
2026-07-03 Friday 09:21:26 root:INFO:Received Threat id=4 at (665.0, 351.1)
2026-07-03 Friday 09:21:27 root:INFO:Received Threat id=4 at (656.2, 357.8)
2026-07-03 Friday 09:21:27 root:INFO:Received Threat id=5 at (418.0, 579.0)
2026-07-03 Friday 09:21:27 root:INFO:Received Threat id=4 at (647.4, 364.5)
