2026-07-02 Thursday 14:06:37 root:INFO:Sensor Powering Up
2026-07-02 Thursday 14:06:37 root:INFO:Writer created for type SensorDetection
2026-07-02 Thursday 14:06:37 root:INFO:Reader created for type Threat
2026-07-02 Thursday 14:06:37 root:INFO:SensorDetectionTopic Listener Callback On Publication Match
2026-07-02 Thursday 14:06:37 root:INFO:SensorDetectionTopic Writer Subs: 1 1
2026-07-02 Thursday 14:06:37 root:INFO:Reader Thread running for Threat
2026-07-02 Thursday 14:06:37 root:INFO:Received Threat id=20 at (626.0, 516.9)
2026-07-02 Thursday 14:06:37 root:INFO:Received Threat id=21 at (684.2, 788.6)
2026-07-02 Thursday 14:06:38 root:INFO:Received Threat id=20 at (614.8, 518.7)
2026-07-02 Thursday 14:06:38 root:INFO:Received Threat id=21 at (675.5, 781.4)
2026-07-02 Thursday 14:06:38 root:INFO:Received Threat id=20 at (603.4, 520.6)
2026-07-02 Thursday 14:06:38 root:INFO:Received Threat id=21 at (666.6, 774.1)
2026-07-02 Thursday 14:06:39 root:INFO:Sensor listening for threats on domain 0
2026-07-02 Thursday 14:06:39 root:INFO:Received Threat id=20 at (592.1, 522.5)
2026-07-02 Thursday 14:06:39 root:INFO:Received Threat id=21 at (657.7, 766.8)
2026-07-02 Thursday 14:06:39 root:INFO:Received Threat id=20 at (580.9, 524.3)
2026-07-02 Thursday 14:06:39 root:INFO:Received Threat id=21 at (649.0, 759.6)
2026-07-02 Thursday 14:06:40 root:INFO:Received Threat id=20 at (569.6, 526.2)
2026-07-02 Thursday 14:06:40 root:INFO:Received Threat id=21 at (640.1, 752.2)
2026-07-02 Thursday 14:06:40 root:INFO:Received Threat id=20 at (558.4, 528.0)
2026-07-02 Thursday 14:06:40 root:INFO:Received Threat id=21 at (631.3, 745.0)
2026-07-02 Thursday 14:06:41 root:INFO:Received Threat id=22 at (100.9, 887.8)
2026-07-02 Thursday 14:06:41 root:INFO:Received Threat id=20 at (547.0, 529.8)
2026-07-02 Thursday 14:06:41 root:INFO:Received Threat id=21 at (622.5, 737.7)
2026-07-02 Thursday 14:06:41 root:INFO:Received Threat id=22 at (104.0, 884.4)
2026-07-02 Thursday 14:06:41 root:INFO:Received Threat id=20 at (535.9, 531.7)
2026-07-02 Thursday 14:06:41 root:INFO:Received Threat id=21 at (613.8, 730.5)
2026-07-02 Thursday 14:06:41 root:INFO:Received Threat id=22 at (111.5, 876.0)
2026-07-02 Thursday 14:06:42 root:INFO:Received Threat id=20 at (524.8, 533.5)
2026-07-02 Thursday 14:06:42 root:INFO:Received Threat id=21 at (605.1, 723.3)
2026-07-02 Thursday 14:06:42 root:INFO:Received Threat id=22 at (119.0, 867.6)
2026-07-02 Thursday 14:06:42 root:INFO:Received Threat id=20 at (513.6, 535.3)
2026-07-02 Thursday 14:06:42 root:INFO:Received Threat id=21 at (596.4, 716.1)
2026-07-02 Thursday 14:06:42 root:INFO:Received Threat id=22 at (126.6, 859.1)
2026-07-02 Thursday 14:06:43 root:INFO:Received Threat id=20 at (502.3, 537.2)
2026-07-02 Thursday 14:06:43 root:INFO:Received Threat id=21 at (587.6, 708.8)
2026-07-02 Thursday 14:06:43 root:INFO:Received Threat id=22 at (134.2, 850.6)
2026-07-02 Thursday 14:06:43 root:INFO:Received Threat id=20 at (491.1, 539.0)
2026-07-02 Thursday 14:06:43 root:INFO:Received Threat id=21 at (578.8, 701.6)
2026-07-02 Thursday 14:06:43 root:INFO:Received Threat id=22 at (141.8, 842.1)
2026-07-02 Thursday 14:06:44 root:INFO:Received Threat id=20 at (479.8, 540.9)
2026-07-02 Thursday 14:06:44 root:INFO:Received Threat id=21 at (570.0, 694.3)
2026-07-02 Thursday 14:06:44 root:INFO:Received Threat id=22 at (149.4, 833.7)
2026-07-02 Thursday 14:06:44 root:INFO:Received Threat id=20 at (468.6, 542.7)
2026-07-02 Thursday 14:06:44 root:INFO:Received Threat id=21 at (561.2, 687.1)
2026-07-02 Thursday 14:06:44 root:INFO:Received Threat id=22 at (157.0, 825.2)
2026-07-02 Thursday 14:06:45 root:INFO:Received Threat id=21 at (552.4, 679.8)
2026-07-02 Thursday 14:06:45 root:INFO:Received Threat id=22 at (164.7, 816.7)
2026-07-02 Thursday 14:06:45 root:INFO:Received Threat id=21 at (543.6, 672.5)
2026-07-02 Thursday 14:06:45 root:INFO:Received Threat id=22 at (172.3, 808.1)
2026-07-02 Thursday 14:06:46 root:INFO:Received Threat id=21 at (534.8, 665.3)
2026-07-02 Thursday 14:06:46 root:INFO:Received Threat id=22 at (179.9, 799.7)
2026-07-02 Thursday 14:06:46 root:INFO:Received Threat id=21 at (526.1, 658.1)
2026-07-02 Thursday 14:06:46 root:INFO:Received Threat id=22 at (187.4, 791.3)
2026-07-02 Thursday 14:06:47 root:INFO:Received Threat id=21 at (517.3, 650.8)
2026-07-02 Thursday 14:06:47 root:INFO:Received Threat id=22 at (195.0, 782.7)
2026-07-02 Thursday 14:06:47 root:INFO:Received Threat id=21 at (508.4, 643.5)
2026-07-02 Thursday 14:06:47 root:INFO:Received Threat id=22 at (202.7, 774.2)
2026-07-02 Thursday 14:06:48 root:INFO:Received Threat id=21 at (499.6, 636.2)
2026-07-02 Thursday 14:06:48 root:INFO:Received Threat id=22 at (210.3, 765.7)
2026-07-02 Thursday 14:06:49 root:INFO:Received Threat id=21 at (490.8, 629.0)
2026-07-02 Thursday 14:06:49 root:INFO:Received Threat id=22 at (217.9, 757.2)
2026-07-02 Thursday 14:06:49 root:INFO:Received Threat id=23 at (854.6, 543.6)
2026-07-02 Thursday 14:06:49 root:INFO:Received Threat id=21 at (482.0, 621.7)
2026-07-02 Thursday 14:06:49 root:INFO:Received Threat id=22 at (225.6, 748.7)
2026-07-02 Thursday 14:06:49 root:INFO:Received Threat id=23 at (845.4, 543.8)
2026-07-02 Thursday 14:06:50 root:INFO:Received Threat id=21 at (473.1, 614.4)
2026-07-02 Thursday 14:06:50 root:INFO:Received Threat id=22 at (233.2, 740.1)
2026-07-02 Thursday 14:06:50 root:INFO:Received Threat id=23 at (834.0, 544.1)
2026-07-02 Thursday 14:06:50 root:INFO:Received Threat id=21 at (464.3, 607.1)
2026-07-02 Thursday 14:06:50 root:INFO:Received Threat id=22 at (240.9, 731.6)
2026-07-02 Thursday 14:06:50 root:INFO:Received Threat id=23 at (822.5, 544.3)
2026-07-02 Thursday 14:06:51 root:INFO:Received Threat id=22 at (248.5, 723.1)
2026-07-02 Thursday 14:06:51 root:INFO:Received Threat id=23 at (811.1, 544.6)
2026-07-02 Thursday 14:06:51 root:INFO:Received Threat id=22 at (256.1, 714.6)
2026-07-02 Thursday 14:06:51 root:INFO:Received Threat id=23 at (799.7, 544.9)
2026-07-02 Thursday 14:06:52 root:INFO:Received Threat id=22 at (263.7, 706.2)
2026-07-02 Thursday 14:06:52 root:INFO:Received Threat id=23 at (788.4, 545.1)
2026-07-02 Thursday 14:06:52 root:INFO:Received Threat id=22 at (271.2, 697.7)
2026-07-02 Thursday 14:06:52 root:INFO:Received Threat id=23 at (777.0, 545.4)
2026-07-02 Thursday 14:06:53 root:INFO:Received Threat id=22 at (278.9, 689.2)
2026-07-02 Thursday 14:06:53 root:INFO:Received Threat id=23 at (765.6, 545.6)
2026-07-02 Thursday 14:06:53 root:INFO:Received Threat id=22 at (286.5, 680.7)
2026-07-02 Thursday 14:06:53 root:INFO:Received Threat id=23 at (754.2, 545.9)
2026-07-02 Thursday 14:06:57 root:INFO:SensorDetectionTopic Listener Callback On Publication Match
2026-07-02 Thursday 14:06:57 root:INFO:SensorDetectionTopic Writer Subs: 0 -1
2026-07-02 Thursday 14:07:09 root:INFO:Sensor Exiting
2026-07-02 Thursday 14:43:43 root:INFO:Sensor Powering Up
2026-07-02 Thursday 14:43:43 root:INFO:Writer created for type SensorDetection
2026-07-02 Thursday 14:43:43 root:INFO:Reader created for type Threat
2026-07-02 Thursday 14:43:43 root:INFO:Reader Thread running for Threat
2026-07-02 Thursday 14:43:43 root:INFO:SensorDetectionTopic Listener Callback On Publication Match
2026-07-02 Thursday 14:43:43 root:INFO:SensorDetectionTopic Writer Subs: 1 1
2026-07-02 Thursday 14:43:45 root:INFO:Sensor listening for threats on domain 0
2026-07-02 Thursday 14:43:48 root:INFO:Received Threat id=4 at (515.0, 292.0)
2026-07-02 Thursday 14:43:48 root:INFO:Received Threat id=4 at (514.1, 294.0)
2026-07-02 Thursday 14:43:49 root:INFO:Received Threat id=4 at (509.7, 304.1)
2026-07-02 Thursday 14:43:49 root:INFO:Received Threat id=5 at (344.0, 246.0)
2026-07-02 Thursday 14:43:50 root:INFO:Received Threat id=4 at (505.3, 314.2)
2026-07-02 Thursday 14:43:50 root:INFO:Received Threat id=5 at (344.9, 251.1)
2026-07-02 Thursday 14:43:50 root:INFO:Received Threat id=5 at (346.9, 261.9)
2026-07-02 Thursday 14:43:50 root:INFO:Received Threat id=6 at (166.0, 211.0)
2026-07-02 Thursday 14:43:51 root:INFO:Received Threat id=5 at (348.9, 272.7)
2026-07-02 Thursday 14:43:51 root:INFO:Received Threat id=6 at (169.7, 216.5)
2026-07-02 Thursday 14:43:51 root:INFO:Received Threat id=6 at (175.9, 225.6)
2026-07-02 Thursday 14:43:51 root:INFO:Received Threat id=7 at (677.0, 249.0)
2026-07-02 Thursday 14:43:52 root:INFO:Received Threat id=6 at (182.1, 234.6)
2026-07-02 Thursday 14:43:52 root:INFO:Received Threat id=7 at (673.1, 253.3)
2026-07-02 Thursday 14:43:52 root:INFO:Received Threat id=6 at (188.3, 243.7)
2026-07-02 Thursday 14:43:52 root:INFO:Received Threat id=7 at (665.6, 261.5)
2026-07-02 Thursday 14:43:53 root:INFO:Received Threat id=6 at (194.5, 252.8)
2026-07-02 Thursday 14:43:53 root:INFO:Received Threat id=7 at (658.2, 269.6)
2026-07-02 Thursday 14:43:53 root:INFO:Received Threat id=6 at (200.7, 261.9)
2026-07-02 Thursday 14:43:53 root:INFO:Received Threat id=7 at (650.8, 277.8)
2026-07-02 Thursday 14:43:54 root:INFO:Received Threat id=6 at (207.0, 271.0)
2026-07-02 Thursday 14:43:54 root:INFO:Received Threat id=7 at (643.4, 285.9)
2026-07-02 Thursday 14:43:54 root:INFO:Received Threat id=6 at (213.2, 280.1)
2026-07-02 Thursday 14:43:54 root:INFO:Received Threat id=7 at (636.0, 294.1)
2026-07-02 Thursday 14:43:55 root:INFO:Received Threat id=7 at (628.6, 302.2)
2026-07-02 Thursday 14:43:55 root:INFO:Received Threat id=7 at (621.2, 310.4)
2026-07-02 Thursday 14:44:03 root:INFO:Sensor Exiting
2026-07-02 Thursday 17:39:49 root:INFO:Sensor Powering Up
2026-07-02 Thursday 17:39:49 root:INFO:Writer created for type SensorDetection
2026-07-02 Thursday 17:39:49 root:INFO:Reader created for type Threat
2026-07-02 Thursday 17:39:49 root:INFO:SensorDetectionTopic Listener Callback On Publication Match
2026-07-02 Thursday 17:39:49 root:INFO:SensorDetectionTopic Writer Subs: 1 1
2026-07-02 Thursday 17:39:49 root:INFO:Reader Thread running for Threat
2026-07-02 Thursday 17:39:51 root:INFO:Sensor listening for threats on domain 0
2026-07-02 Thursday 17:39:57 root:INFO:Received Threat id=4 at (516.0, 258.0)
2026-07-02 Thursday 17:39:57 root:INFO:Received Threat id=4 at (512.8, 266.2)
2026-07-02 Thursday 17:39:57 root:INFO:Received Threat id=5 at (301.0, 245.0)
2026-07-02 Thursday 17:39:57 root:INFO:Received Threat id=4 at (508.8, 276.4)
2026-07-02 Thursday 17:39:57 root:INFO:Received Threat id=5 at (301.8, 247.4)
2026-07-02 Thursday 17:39:58 root:INFO:Received Threat id=5 at (305.1, 257.9)
2026-07-02 Thursday 17:39:58 root:INFO:Received Threat id=5 at (308.5, 268.4)
2026-07-02 Thursday 17:39:58 root:INFO:Received Threat id=6 at (120.0, 302.0)
2026-07-02 Thursday 17:39:59 root:INFO:Received Threat id=6 at (128.2, 309.4)
2026-07-02 Thursday 17:39:59 root:INFO:Received Threat id=6 at (136.4, 316.7)
2026-07-02 Thursday 17:40:00 root:INFO:Received Threat id=7 at (718.0, 403.0)
2026-07-02 Thursday 17:40:00 root:INFO:Received Threat id=6 at (144.6, 324.1)
2026-07-02 Thursday 17:40:00 root:INFO:Received Threat id=7 at (714.4, 404.7)
2026-07-02 Thursday 17:40:00 root:INFO:Received Threat id=6 at (152.7, 331.5)
2026-07-02 Thursday 17:40:00 root:INFO:Received Threat id=7 at (704.4, 409.5)
2026-07-02 Thursday 17:40:01 root:INFO:Received Threat id=7 at (694.5, 414.2)
2026-07-02 Thursday 17:40:03 root:INFO:Received Threat id=8 at (585.0, 346.0)
2026-07-02 Thursday 17:40:04 root:INFO:Received Threat id=8 at (578.4, 353.4)
2026-07-02 Thursday 17:40:04 root:INFO:Received Threat id=8 at (571.1, 361.6)
2026-07-02 Thursday 17:40:05 root:INFO:Received Threat id=9 at (480.0, 252.0)
2026-07-02 Thursday 17:40:05 root:INFO:Received Threat id=9 at (479.3, 254.5)
2026-07-02 Thursday 17:40:05 root:INFO:Received Threat id=9 at (476.5, 265.1)
2026-07-02 Thursday 17:40:06 root:INFO:Received Threat id=9 at (473.7, 275.8)
2026-07-02 Thursday 17:40:06 root:INFO:Received Threat id=10 at (292.0, 261.0)
2026-07-02 Thursday 17:40:06 root:INFO:Received Threat id=10 at (292.3, 261.7)
2026-07-02 Thursday 17:40:07 root:INFO:Received Threat id=10 at (296.1, 272.0)
2026-07-02 Thursday 17:40:07 root:INFO:Received Threat id=10 at (299.9, 282.4)
2026-07-02 Thursday 17:40:08 root:INFO:Received Threat id=10 at (303.7, 292.7)
2026-07-02 Thursday 17:40:08 root:INFO:Received Threat id=11 at (620.0, 305.0)
2026-07-02 Thursday 17:40:08 root:INFO:Received Threat id=11 at (617.3, 308.0)
2026-07-02 Thursday 17:40:09 root:INFO:Received Threat id=11 at (610.0, 316.3)
2026-07-02 Thursday 17:40:09 root:INFO:Received Threat id=11 at (602.7, 324.5)
2026-07-02 Thursday 17:40:46 root:INFO:Received Threat id=12 at (327.0, 303.0)
2026-07-02 Thursday 17:40:46 root:INFO:Received Threat id=12 at (328.5, 308.3)
2026-07-02 Thursday 17:40:46 root:INFO:Received Threat id=12 at (331.6, 318.9)
2026-07-02 Thursday 17:40:47 root:INFO:Received Threat id=13 at (230.0, 287.0)
2026-07-02 Thursday 17:40:47 root:INFO:Received Threat id=13 at (233.5, 292.6)
2026-07-02 Thursday 17:40:47 root:INFO:Received Threat id=14 at (480.0, 320.0)
2026-07-02 Thursday 17:40:47 root:INFO:Received Threat id=13 at (239.5, 301.9)
2026-07-02 Thursday 17:40:47 root:INFO:Received Threat id=14 at (479.1, 322.8)
2026-07-02 Thursday 17:40:48 root:INFO:Received Threat id=13 at (245.4, 311.1)
2026-07-02 Thursday 17:40:48 root:INFO:Received Threat id=14 at (475.5, 333.2)
2026-07-02 Thursday 17:40:58 root:INFO:Received Threat id=15 at (468.0, 333.0)
2026-07-02 Thursday 17:40:58 root:INFO:Received Threat id=15 at (467.1, 335.8)
2026-07-02 Thursday 17:40:58 root:INFO:Received Threat id=15 at (463.9, 346.3)
2026-07-02 Thursday 17:40:58 root:INFO:Received Threat id=16 at (316.0, 292.0)
2026-07-02 Thursday 17:40:59 root:INFO:Received Threat id=16 at (318.8, 300.7)
2026-07-02 Thursday 17:40:59 root:INFO:Received Threat id=17 at (633.0, 410.0)
2026-07-02 Thursday 17:40:59 root:INFO:Received Threat id=16 at (322.2, 311.2)
2026-07-02 Thursday 17:40:59 root:INFO:Received Threat id=17 at (629.6, 412.1)
2026-07-02 Thursday 17:41:00 root:INFO:Received Threat id=17 at (620.2, 417.9)
2026-07-02 Thursday 17:41:00 root:INFO:Received Threat id=18 at (138.0, 345.0)
2026-07-02 Thursday 17:41:00 root:INFO:Received Threat id=18 at (142.9, 348.9)
2026-07-02 Thursday 17:41:01 root:INFO:Received Threat id=18 at (151.5, 355.8)
2026-07-02 Thursday 17:41:01 root:INFO:Received Threat id=18 at (160.1, 362.6)
2026-07-02 Thursday 17:41:02 root:INFO:Received Threat id=18 at (168.7, 369.5)
