2026-07-02 Thursday 13:58:09 root:INFO:Command & Control Powering Up
2026-07-02 Thursday 13:58:38 root:INFO:Command & Control Powering Up
2026-07-02 Thursday 13:58:38 root:INFO:Writer created for type Threat
2026-07-02 Thursday 13:58:38 root:INFO:Reader created for type SensorDetection
2026-07-02 Thursday 13:58:38 root:INFO:Reader created for type EffectorAction
2026-07-02 Thursday 13:58:38 root:INFO:Reader Thread running for SensorDetection
2026-07-02 Thursday 13:58:38 root:INFO:Reader Thread running for EffectorAction
2026-07-02 Thursday 13:58:40 root:INFO:Command & Control Starting – domain 0
2026-07-02 Thursday 13:58:40 root:INFO:C2 STATE: INIT
2026-07-02 Thursday 13:58:48 root:INFO:Spawned Threat id=1 severity=3 at (9.3, 772.2)
2026-07-02 Thursday 13:58:56 root:INFO:Spawned Threat id=2 severity=2 at (-61.8, 810.4)
2026-07-02 Thursday 14:02:44 root:INFO:Command & Control Powering Up
2026-07-02 Thursday 14:03:41 root:INFO:Command & Control Powering Up
2026-07-02 Thursday 14:03:41 root:INFO:Writer created for type Threat
2026-07-02 Thursday 14:03:41 root:INFO:Reader created for type SensorDetection
2026-07-02 Thursday 14:03:41 root:INFO:Reader created for type EffectorAction
2026-07-02 Thursday 14:03:41 root:INFO:Reader Thread running for SensorDetection
2026-07-02 Thursday 14:03:41 root:INFO:Reader Thread running for EffectorAction
2026-07-02 Thursday 14:03:43 root:INFO:Command & Control Starting – domain 0
2026-07-02 Thursday 14:03:43 root:INFO:C2 STATE: INIT
2026-07-02 Thursday 14:03:51 root:INFO:Spawned Threat id=1 severity=2 at (211.2, 1052.9)
2026-07-02 Thursday 14:03:59 root:INFO:Spawned Threat id=2 severity=1 at (102.1, 238.5)
2026-07-02 Thursday 14:04:07 root:INFO:Spawned Threat id=3 severity=2 at (264.5, 160.0)
2026-07-02 Thursday 14:04:11 root:WARNING:Threat 1 reached hull – removing
2026-07-02 Thursday 14:04:15 root:INFO:Spawned Threat id=4 severity=1 at (30.9, 906.7)
2026-07-02 Thursday 14:04:16 root:WARNING:Threat 2 reached hull – removing
2026-07-02 Thursday 14:04:23 root:INFO:Spawned Threat id=5 severity=2 at (938.1, 631.4)
2026-07-02 Thursday 14:04:24 root:WARNING:Threat 3 reached hull – removing
2026-07-02 Thursday 14:04:31 root:INFO:Spawned Threat id=6 severity=1 at (237.0, 105.0)
2026-07-02 Thursday 14:04:35 root:WARNING:Threat 4 reached hull – removing
2026-07-02 Thursday 14:04:39 root:INFO:Spawned Threat id=7 severity=2 at (-20.8, 687.5)
2026-07-02 Thursday 14:04:45 root:WARNING:Threat 5 reached hull – removing
2026-07-02 Thursday 14:04:48 root:INFO:Spawned Threat id=8 severity=3 at (202.1, 990.5)
2026-07-02 Thursday 14:04:51 root:WARNING:Threat 6 reached hull – removing
2026-07-02 Thursday 14:04:56 root:INFO:Spawned Threat id=9 severity=2 at (831.2, 806.3)
2026-07-02 Thursday 14:04:56 root:WARNING:Threat 7 reached hull – removing
2026-07-02 Thursday 14:05:04 root:INFO:Spawned Threat id=10 severity=3 at (684.8, 1033.0)
2026-07-02 Thursday 14:05:05 root:WARNING:Threat 8 reached hull – removing
2026-07-02 Thursday 14:05:12 root:INFO:Spawned Threat id=11 severity=3 at (561.9, 51.7)
2026-07-02 Thursday 14:05:15 root:WARNING:Threat 9 reached hull – removing
2026-07-02 Thursday 14:05:15 root:INFO:ThreatTopic Listener Callback On Publication Match
2026-07-02 Thursday 14:05:15 root:INFO:ThreatTopic Writer Subs: 1 1
2026-07-02 Thursday 14:05:15 root:INFO:Received EffectorAction effector=1 threat=10 destroyed=0
2026-07-02 Thursday 14:05:15 root:INFO:Received EffectorAction effector=2 threat=10 destroyed=1
2026-07-02 Thursday 14:05:15 root:INFO:Received EffectorAction effector=3 threat=10 destroyed=1
2026-07-02 Thursday 14:05:15 root:INFO:Received EffectorAction effector=4 threat=10 destroyed=0
2026-07-02 Thursday 14:05:15 root:INFO:Received EffectorAction effector=5 threat=10 destroyed=0
2026-07-02 Thursday 14:05:19 root:INFO:Received EffectorAction effector=1 threat=11 destroyed=0
2026-07-02 Thursday 14:05:19 root:INFO:Received EffectorAction effector=2 threat=11 destroyed=1
2026-07-02 Thursday 14:05:19 root:INFO:Received EffectorAction effector=3 threat=11 destroyed=1
2026-07-02 Thursday 14:05:19 root:INFO:Received EffectorAction effector=4 threat=11 destroyed=0
2026-07-02 Thursday 14:05:19 root:INFO:Received EffectorAction effector=5 threat=11 destroyed=0
2026-07-02 Thursday 14:05:20 root:INFO:Spawned Threat id=12 severity=1 at (843.0, 796.9)
2026-07-02 Thursday 14:05:25 root:INFO:Received EffectorAction effector=1 threat=12 destroyed=1
2026-07-02 Thursday 14:05:25 root:INFO:Received EffectorAction effector=2 threat=12 destroyed=1
2026-07-02 Thursday 14:05:25 root:INFO:Received EffectorAction effector=3 threat=12 destroyed=1
2026-07-02 Thursday 14:05:25 root:INFO:Received EffectorAction effector=4 threat=12 destroyed=0
2026-07-02 Thursday 14:05:25 root:WARNING:Threat 10 reached hull – removing
2026-07-02 Thursday 14:05:28 root:INFO:Spawned Threat id=13 severity=1 at (-41.1, 825.9)
2026-07-02 Thursday 14:05:33 root:WARNING:Threat 11 reached hull – removing
2026-07-02 Thursday 14:05:34 root:INFO:Received EffectorAction effector=1 threat=13 destroyed=1
2026-07-02 Thursday 14:05:34 root:INFO:Received EffectorAction effector=2 threat=13 destroyed=1
2026-07-02 Thursday 14:05:34 root:INFO:Received EffectorAction effector=3 threat=13 destroyed=1
2026-07-02 Thursday 14:05:34 root:INFO:Received EffectorAction effector=4 threat=13 destroyed=0
2026-07-02 Thursday 14:05:36 root:INFO:Spawned Threat id=14 severity=3 at (-36.6, 462.5)
2026-07-02 Thursday 14:05:39 root:INFO:Received EffectorAction effector=1 threat=14 destroyed=1
2026-07-02 Thursday 14:05:39 root:INFO:Received EffectorAction effector=2 threat=14 destroyed=1
2026-07-02 Thursday 14:05:39 root:INFO:Received EffectorAction effector=3 threat=14 destroyed=1
2026-07-02 Thursday 14:05:39 root:INFO:Received EffectorAction effector=4 threat=14 destroyed=0
2026-07-02 Thursday 14:05:39 root:INFO:Received EffectorAction effector=5 threat=14 destroyed=0
2026-07-02 Thursday 14:05:39 root:WARNING:Threat 12 reached hull – removing
2026-07-02 Thursday 14:05:44 root:INFO:Spawned Threat id=15 severity=2 at (228.7, 148.3)
2026-07-02 Thursday 14:05:48 root:WARNING:Threat 13 reached hull – removing
2026-07-02 Thursday 14:05:48 root:INFO:Received EffectorAction effector=1 threat=15 destroyed=1
2026-07-02 Thursday 14:05:48 root:INFO:Received EffectorAction effector=2 threat=15 destroyed=1
2026-07-02 Thursday 14:05:48 root:INFO:Received EffectorAction effector=3 threat=15 destroyed=1
2026-07-02 Thursday 14:05:48 root:INFO:Received EffectorAction effector=4 threat=15 destroyed=1
2026-07-02 Thursday 14:05:52 root:INFO:Spawned Threat id=16 severity=3 at (832.6, 845.7)
2026-07-02 Thursday 14:05:53 root:WARNING:Threat 14 reached hull – removing
2026-07-02 Thursday 14:05:58 root:INFO:Received EffectorAction effector=1 threat=16 destroyed=1
2026-07-02 Thursday 14:05:58 root:INFO:Received EffectorAction effector=2 threat=16 destroyed=1
2026-07-02 Thursday 14:05:58 root:INFO:Received EffectorAction effector=3 threat=16 destroyed=1
2026-07-02 Thursday 14:05:58 root:INFO:Received EffectorAction effector=4 threat=16 destroyed=0
2026-07-02 Thursday 14:05:58 root:INFO:Received EffectorAction effector=5 threat=16 destroyed=0
2026-07-02 Thursday 14:06:00 root:INFO:Spawned Threat id=17 severity=1 at (793.2, 810.3)
2026-07-02 Thursday 14:06:02 root:WARNING:Threat 15 reached hull – removing
2026-07-02 Thursday 14:06:04 root:INFO:Received EffectorAction effector=1 threat=17 destroyed=1
2026-07-02 Thursday 14:06:04 root:INFO:Received EffectorAction effector=2 threat=17 destroyed=1
2026-07-02 Thursday 14:06:04 root:INFO:Received EffectorAction effector=3 threat=17 destroyed=1
2026-07-02 Thursday 14:06:04 root:INFO:Received EffectorAction effector=4 threat=17 destroyed=1
2026-07-02 Thursday 14:06:08 root:INFO:Spawned Threat id=18 severity=2 at (234.4, 1035.9)
2026-07-02 Thursday 14:06:12 root:WARNING:Threat 16 reached hull – removing
2026-07-02 Thursday 14:06:14 root:INFO:Received EffectorAction effector=1 threat=18 destroyed=1
2026-07-02 Thursday 14:06:14 root:INFO:Received EffectorAction effector=2 threat=18 destroyed=1
2026-07-02 Thursday 14:06:14 root:INFO:Received EffectorAction effector=3 threat=18 destroyed=1
2026-07-02 Thursday 14:06:14 root:INFO:Received EffectorAction effector=4 threat=18 destroyed=1
2026-07-02 Thursday 14:06:16 root:INFO:Spawned Threat id=19 severity=2 at (886.8, 605.0)
2026-07-02 Thursday 14:06:18 root:WARNING:Threat 17 reached hull – removing
2026-07-02 Thursday 14:06:22 root:INFO:Received EffectorAction effector=1 threat=19 destroyed=1
2026-07-02 Thursday 14:06:22 root:INFO:Received EffectorAction effector=2 threat=19 destroyed=1
2026-07-02 Thursday 14:06:22 root:INFO:Received EffectorAction effector=3 threat=19 destroyed=1
2026-07-02 Thursday 14:06:22 root:INFO:Received EffectorAction effector=4 threat=19 destroyed=0
2026-07-02 Thursday 14:06:24 root:INFO:Spawned Threat id=20 severity=1 at (902.4, 471.5)
2026-07-02 Thursday 14:06:28 root:WARNING:Threat 18 reached hull – removing
2026-07-02 Thursday 14:06:31 root:INFO:Received EffectorAction effector=1 threat=20 destroyed=1
2026-07-02 Thursday 14:06:31 root:INFO:Received EffectorAction effector=2 threat=20 destroyed=1
2026-07-02 Thursday 14:06:31 root:INFO:Received EffectorAction effector=3 threat=20 destroyed=0
2026-07-02 Thursday 14:06:31 root:INFO:Received EffectorAction effector=4 threat=20 destroyed=1
2026-07-02 Thursday 14:06:33 root:INFO:Spawned Threat id=21 severity=1 at (763.4, 854.0)
2026-07-02 Thursday 14:06:35 root:WARNING:Threat 19 reached hull – removing
2026-07-02 Thursday 14:06:37 root:INFO:Received EffectorAction effector=1 threat=21 destroyed=1
2026-07-02 Thursday 14:06:37 root:INFO:Received EffectorAction effector=2 threat=21 destroyed=1
2026-07-02 Thursday 14:06:37 root:INFO:Received EffectorAction effector=3 threat=21 destroyed=1
2026-07-02 Thursday 14:06:37 root:INFO:Received EffectorAction effector=4 threat=21 destroyed=0
2026-07-02 Thursday 14:06:37 root:INFO:ThreatTopic Listener Callback On Publication Match
2026-07-02 Thursday 14:06:37 root:INFO:ThreatTopic Writer Subs: 2 1
2026-07-02 Thursday 14:06:37 root:INFO:Received SensorDetection sensor=1 threat=20 conf=93%
2026-07-02 Thursday 14:06:37 root:INFO:Received SensorDetection sensor=1 threat=21 conf=91%
2026-07-02 Thursday 14:06:38 root:INFO:Received SensorDetection sensor=1 threat=20 conf=92%
2026-07-02 Thursday 14:06:38 root:INFO:Received SensorDetection sensor=1 threat=21 conf=100%
2026-07-02 Thursday 14:06:38 root:INFO:Received SensorDetection sensor=1 threat=20 conf=90%
2026-07-02 Thursday 14:06:38 root:INFO:Received SensorDetection sensor=1 threat=21 conf=96%
2026-07-02 Thursday 14:06:39 root:INFO:Received SensorDetection sensor=1 threat=20 conf=99%
2026-07-02 Thursday 14:06:39 root:INFO:Received SensorDetection sensor=1 threat=21 conf=100%
2026-07-02 Thursday 14:06:39 root:INFO:Received SensorDetection sensor=1 threat=20 conf=95%
2026-07-02 Thursday 14:06:39 root:INFO:Received SensorDetection sensor=4 threat=20 conf=77%
2026-07-02 Thursday 14:06:39 root:INFO:Received SensorDetection sensor=1 threat=21 conf=97%
2026-07-02 Thursday 14:06:40 root:INFO:Received SensorDetection sensor=1 threat=20 conf=98%
2026-07-02 Thursday 14:06:40 root:INFO:Received SensorDetection sensor=4 threat=20 conf=71%
2026-07-02 Thursday 14:06:40 root:INFO:Received SensorDetection sensor=1 threat=21 conf=100%
2026-07-02 Thursday 14:06:40 root:INFO:Received SensorDetection sensor=1 threat=20 conf=92%
2026-07-02 Thursday 14:06:40 root:INFO:Received SensorDetection sensor=4 threat=20 conf=75%
2026-07-02 Thursday 14:06:40 root:INFO:Received SensorDetection sensor=1 threat=21 conf=96%
2026-07-02 Thursday 14:06:41 root:INFO:Spawned Threat id=22 severity=3 at (100.9, 887.8)
2026-07-02 Thursday 14:06:41 root:INFO:Received SensorDetection sensor=1 threat=20 conf=94%
2026-07-02 Thursday 14:06:41 root:INFO:Received SensorDetection sensor=4 threat=20 conf=83%
2026-07-02 Thursday 14:06:41 root:INFO:Received SensorDetection sensor=1 threat=21 conf=92%
2026-07-02 Thursday 14:06:41 root:INFO:Received SensorDetection sensor=1 threat=20 conf=97%
2026-07-02 Thursday 14:06:41 root:INFO:Received SensorDetection sensor=4 threat=20 conf=66%
2026-07-02 Thursday 14:06:41 root:INFO:Received SensorDetection sensor=1 threat=21 conf=97%
2026-07-02 Thursday 14:06:42 root:INFO:Received SensorDetection sensor=1 threat=20 conf=97%
2026-07-02 Thursday 14:06:42 root:INFO:Received SensorDetection sensor=4 threat=20 conf=82%
2026-07-02 Thursday 14:06:42 root:INFO:Received SensorDetection sensor=1 threat=21 conf=98%
2026-07-02 Thursday 14:06:42 root:INFO:Received SensorDetection sensor=1 threat=22 conf=93%
2026-07-02 Thursday 14:06:42 root:INFO:Received SensorDetection sensor=1 threat=20 conf=99%
2026-07-02 Thursday 14:06:42 root:INFO:Received SensorDetection sensor=4 threat=20 conf=66%
2026-07-02 Thursday 14:06:42 root:INFO:Received SensorDetection sensor=1 threat=21 conf=88%
2026-07-02 Thursday 14:06:42 root:INFO:Received SensorDetection sensor=1 threat=22 conf=90%
2026-07-02 Thursday 14:06:43 root:INFO:Received SensorDetection sensor=1 threat=20 conf=100%
2026-07-02 Thursday 14:06:43 root:INFO:Received SensorDetection sensor=4 threat=20 conf=83%
2026-07-02 Thursday 14:06:43 root:INFO:Received SensorDetection sensor=1 threat=21 conf=99%
2026-07-02 Thursday 14:06:43 root:INFO:Received SensorDetection sensor=1 threat=22 conf=96%
2026-07-02 Thursday 14:06:43 root:INFO:Received SensorDetection sensor=1 threat=20 conf=91%
2026-07-02 Thursday 14:06:43 root:INFO:Received SensorDetection sensor=4 threat=20 conf=80%
2026-07-02 Thursday 14:06:43 root:INFO:Received SensorDetection sensor=1 threat=21 conf=91%
2026-07-02 Thursday 14:06:43 root:INFO:Received EffectorAction effector=1 threat=22 destroyed=1
2026-07-02 Thursday 14:06:43 root:INFO:Received SensorDetection sensor=1 threat=22 conf=91%
2026-07-02 Thursday 14:06:43 root:INFO:Received EffectorAction effector=2 threat=22 destroyed=0
2026-07-02 Thursday 14:06:43 root:INFO:Received EffectorAction effector=3 threat=22 destroyed=1
2026-07-02 Thursday 14:06:43 root:INFO:Received EffectorAction effector=4 threat=22 destroyed=0
2026-07-02 Thursday 14:06:43 root:INFO:Received EffectorAction effector=5 threat=22 destroyed=0
2026-07-02 Thursday 14:06:44 root:INFO:Received SensorDetection sensor=1 threat=20 conf=88%
2026-07-02 Thursday 14:06:44 root:INFO:Received SensorDetection sensor=4 threat=20 conf=84%
2026-07-02 Thursday 14:06:44 root:INFO:Received SensorDetection sensor=1 threat=21 conf=91%
2026-07-02 Thursday 14:06:44 root:INFO:Received SensorDetection sensor=1 threat=22 conf=99%
2026-07-02 Thursday 14:06:44 root:INFO:Received SensorDetection sensor=1 threat=20 conf=97%
2026-07-02 Thursday 14:06:44 root:INFO:Received SensorDetection sensor=2 threat=20 conf=73%
2026-07-02 Thursday 14:06:44 root:INFO:Received SensorDetection sensor=4 threat=20 conf=75%
2026-07-02 Thursday 14:06:44 root:INFO:Received SensorDetection sensor=1 threat=21 conf=91%
2026-07-02 Thursday 14:06:44 root:INFO:Received SensorDetection sensor=1 threat=22 conf=97%
2026-07-02 Thursday 14:06:45 root:WARNING:Threat 20 reached hull – removing
2026-07-02 Thursday 14:06:45 root:INFO:Received SensorDetection sensor=1 threat=21 conf=99%
2026-07-02 Thursday 14:06:45 root:INFO:Received SensorDetection sensor=1 threat=22 conf=92%
2026-07-02 Thursday 14:06:45 root:INFO:Received SensorDetection sensor=1 threat=21 conf=91%
2026-07-02 Thursday 14:06:45 root:INFO:Received SensorDetection sensor=4 threat=21 conf=69%
2026-07-02 Thursday 14:06:45 root:INFO:Received SensorDetection sensor=1 threat=22 conf=88%
2026-07-02 Thursday 14:06:46 root:INFO:Received SensorDetection sensor=1 threat=21 conf=89%
2026-07-02 Thursday 14:06:46 root:INFO:Received SensorDetection sensor=4 threat=21 conf=66%
2026-07-02 Thursday 14:06:46 root:INFO:Received SensorDetection sensor=1 threat=22 conf=99%
2026-07-02 Thursday 14:06:46 root:INFO:Received SensorDetection sensor=1 threat=21 conf=100%
2026-07-02 Thursday 14:06:46 root:INFO:Received SensorDetection sensor=4 threat=21 conf=70%
2026-07-02 Thursday 14:06:46 root:INFO:Received SensorDetection sensor=1 threat=22 conf=94%
2026-07-02 Thursday 14:06:47 root:INFO:Received SensorDetection sensor=1 threat=21 conf=97%
2026-07-02 Thursday 14:06:47 root:INFO:Received SensorDetection sensor=4 threat=21 conf=69%
2026-07-02 Thursday 14:06:47 root:INFO:Received SensorDetection sensor=1 threat=22 conf=99%
2026-07-02 Thursday 14:06:47 root:INFO:Received SensorDetection sensor=1 threat=21 conf=90%
2026-07-02 Thursday 14:06:47 root:INFO:Received SensorDetection sensor=4 threat=21 conf=65%
2026-07-02 Thursday 14:06:47 root:INFO:Received SensorDetection sensor=1 threat=22 conf=96%
2026-07-02 Thursday 14:06:48 root:INFO:Received SensorDetection sensor=1 threat=21 conf=99%
2026-07-02 Thursday 14:06:48 root:INFO:Received SensorDetection sensor=4 threat=21 conf=71%
2026-07-02 Thursday 14:06:48 root:INFO:Received SensorDetection sensor=1 threat=22 conf=89%
2026-07-02 Thursday 14:06:49 root:INFO:Received SensorDetection sensor=1 threat=21 conf=97%
2026-07-02 Thursday 14:06:49 root:INFO:Received SensorDetection sensor=4 threat=21 conf=75%
2026-07-02 Thursday 14:06:49 root:INFO:Received SensorDetection sensor=1 threat=22 conf=90%
2026-07-02 Thursday 14:06:49 root:INFO:Spawned Threat id=23 severity=2 at (854.6, 543.6)
2026-07-02 Thursday 14:06:49 root:INFO:Received SensorDetection sensor=1 threat=21 conf=97%
2026-07-02 Thursday 14:06:49 root:INFO:Received SensorDetection sensor=4 threat=21 conf=81%
2026-07-02 Thursday 14:06:49 root:INFO:Received SensorDetection sensor=1 threat=22 conf=97%
2026-07-02 Thursday 14:06:50 root:INFO:Received SensorDetection sensor=1 threat=21 conf=94%
2026-07-02 Thursday 14:06:50 root:INFO:Received SensorDetection sensor=4 threat=21 conf=69%
2026-07-02 Thursday 14:06:50 root:INFO:Received SensorDetection sensor=1 threat=22 conf=99%
2026-07-02 Thursday 14:06:50 root:INFO:Received SensorDetection sensor=1 threat=21 conf=90%
2026-07-02 Thursday 14:06:50 root:INFO:Received SensorDetection sensor=2 threat=21 conf=86%
2026-07-02 Thursday 14:06:50 root:INFO:Received SensorDetection sensor=4 threat=21 conf=74%
2026-07-02 Thursday 14:06:50 root:INFO:Received SensorDetection sensor=1 threat=22 conf=90%
2026-07-02 Thursday 14:06:50 root:WARNING:Threat 21 reached hull – removing
2026-07-02 Thursday 14:06:51 root:INFO:Received SensorDetection sensor=1 threat=22 conf=90%
2026-07-02 Thursday 14:06:51 root:INFO:Received SensorDetection sensor=1 threat=23 conf=91%
2026-07-02 Thursday 14:06:51 root:INFO:Received SensorDetection sensor=1 threat=22 conf=99%
2026-07-02 Thursday 14:06:51 root:INFO:Received SensorDetection sensor=1 threat=23 conf=100%
2026-07-02 Thursday 14:06:52 root:INFO:Received SensorDetection sensor=1 threat=22 conf=96%
2026-07-02 Thursday 14:06:52 root:INFO:Received SensorDetection sensor=1 threat=23 conf=97%
2026-07-02 Thursday 14:06:52 root:INFO:Received EffectorAction effector=1 threat=23 destroyed=1
2026-07-02 Thursday 14:06:52 root:INFO:Received SensorDetection sensor=1 threat=22 conf=96%
2026-07-02 Thursday 14:06:52 root:INFO:Received EffectorAction effector=2 threat=23 destroyed=0
2026-07-02 Thursday 14:06:52 root:INFO:Received SensorDetection sensor=4 threat=22 conf=69%
2026-07-02 Thursday 14:06:52 root:INFO:Received EffectorAction effector=3 threat=23 destroyed=1
2026-07-02 Thursday 14:06:52 root:INFO:Received SensorDetection sensor=1 threat=23 conf=100%
2026-07-02 Thursday 14:06:52 root:INFO:Received EffectorAction effector=4 threat=23 destroyed=0
2026-07-02 Thursday 14:06:53 root:INFO:Received SensorDetection sensor=1 threat=22 conf=91%
2026-07-02 Thursday 14:06:53 root:INFO:Received SensorDetection sensor=4 threat=22 conf=77%
2026-07-02 Thursday 14:06:53 root:INFO:Received SensorDetection sensor=1 threat=23 conf=92%
2026-07-02 Thursday 14:06:53 root:INFO:Received SensorDetection sensor=1 threat=22 conf=88%
2026-07-02 Thursday 14:06:53 root:INFO:Received SensorDetection sensor=4 threat=22 conf=85%
2026-07-02 Thursday 14:06:53 root:INFO:Received SensorDetection sensor=1 threat=23 conf=96%
2026-07-02 Thursday 14:06:53 root:INFO:C2 STATE: SHUT_DOWN
2026-07-02 Thursday 14:06:57 root:INFO:Command & Control Exiting
2026-07-02 Thursday 14:40:33 root:INFO:C&C GUI starting on domain 0
2026-07-02 Thursday 14:40:35 root:INFO:Writer created for type Threat
2026-07-02 Thursday 14:40:35 root:INFO:Reader created for type SensorDetection
2026-07-02 Thursday 14:40:35 root:INFO:Reader created for type EffectorAction
2026-07-02 Thursday 14:40:35 root:INFO:Reader Thread running for SensorDetection
2026-07-02 Thursday 14:40:35 root:INFO:Reader Thread running for EffectorAction
2026-07-02 Thursday 14:40:40 root:INFO:Threat id=1 at (488,302)
2026-07-02 Thursday 14:40:43 root:INFO:Threat id=2 at (286,273)
2026-07-02 Thursday 14:40:52 root:INFO:Threat id=3 at (566,332)
2026-07-02 Thursday 14:40:53 root:INFO:Threat id=4 at (337,301)
2026-07-02 Thursday 14:40:54 root:INFO:Threat id=5 at (202,315)
2026-07-02 Thursday 14:41:10 root:INFO:C&C GUI starting on domain 0
2026-07-02 Thursday 14:41:11 root:INFO:Writer created for type Threat
2026-07-02 Thursday 14:41:11 root:INFO:Reader created for type SensorDetection
2026-07-02 Thursday 14:41:11 root:INFO:Reader created for type EffectorAction
2026-07-02 Thursday 14:41:11 root:INFO:Reader Thread running for SensorDetection
2026-07-02 Thursday 14:41:11 root:INFO:Reader Thread running for EffectorAction
2026-07-02 Thursday 14:41:13 root:INFO:Threat id=1 at (176,240)
2026-07-02 Thursday 14:41:14 root:INFO:Threat id=2 at (412,234)
2026-07-02 Thursday 14:41:27 root:INFO:Threat id=3 at (418,281)
2026-07-02 Thursday 14:41:28 root:INFO:Threat id=4 at (306,287)
2026-07-02 Thursday 14:42:02 root:INFO:C&C GUI exiting
2026-07-02 Thursday 14:42:05 root:INFO:C&C GUI exiting
2026-07-02 Thursday 14:42:27 root:INFO:C&C GUI starting on domain 0
2026-07-02 Thursday 14:42:28 root:INFO:Writer created for type Threat
2026-07-02 Thursday 14:42:28 root:INFO:Reader created for type SensorDetection
2026-07-02 Thursday 14:42:28 root:INFO:Reader created for type EffectorAction
2026-07-02 Thursday 14:42:28 root:INFO:Reader Thread running for SensorDetection
2026-07-02 Thursday 14:42:28 root:INFO:Reader Thread running for EffectorAction
2026-07-02 Thursday 14:42:36 root:INFO:ThreatTopic Listener Callback On Publication Match
2026-07-02 Thursday 14:42:36 root:INFO:ThreatTopic Writer Subs: 1 1
2026-07-02 Thursday 14:42:44 root:INFO:ThreatTopic Listener Callback On Publication Match
2026-07-02 Thursday 14:42:44 root:INFO:ThreatTopic Writer Subs: 0 -1
2026-07-02 Thursday 14:42:46 root:INFO:Threat id=1 at (309,245)
2026-07-02 Thursday 14:42:47 root:INFO:Threat id=2 at (204,241)
2026-07-02 Thursday 14:42:48 root:INFO:Threat id=3 at (672,326)
2026-07-02 Thursday 14:43:37 root:INFO:ThreatTopic Listener Callback On Publication Match
2026-07-02 Thursday 14:43:37 root:INFO:ThreatTopic Writer Subs: 1 1
2026-07-02 Thursday 14:43:43 root:INFO:ThreatTopic Listener Callback On Publication Match
2026-07-02 Thursday 14:43:43 root:INFO:ThreatTopic Writer Subs: 2 1
2026-07-02 Thursday 14:43:48 root:INFO:Threat id=4 at (515,292)
2026-07-02 Thursday 14:43:49 root:INFO:Threat id=5 at (344,246)
2026-07-02 Thursday 14:43:50 root:INFO:Threat id=6 at (166,211)
2026-07-02 Thursday 14:43:51 root:INFO:Threat id=7 at (677,249)
2026-07-02 Thursday 14:44:03 root:INFO:ThreatTopic Listener Callback On Publication Match
2026-07-02 Thursday 14:44:03 root:INFO:ThreatTopic Writer Subs: 1 -1
2026-07-02 Thursday 14:44:11 root:INFO:ThreatTopic Listener Callback On Publication Match
2026-07-02 Thursday 14:44:11 root:INFO:ThreatTopic Writer Subs: 0 -1
2026-07-02 Thursday 14:44:16 root:INFO:C&C GUI exiting
2026-07-02 Thursday 17:34:22 root:INFO:C&C GUI starting on domain 0
2026-07-02 Thursday 17:34:25 root:INFO:Writer created for type Threat
2026-07-02 Thursday 17:34:25 root:INFO:Reader created for type SensorDetection
2026-07-02 Thursday 17:34:25 root:INFO:Reader created for type EffectorAction
2026-07-02 Thursday 17:34:25 root:INFO:Reader Thread running for SensorDetection
2026-07-02 Thursday 17:34:25 root:INFO:Reader Thread running for EffectorAction
2026-07-02 Thursday 17:34:47 root:INFO:Threat id=1 at (208,159)
2026-07-02 Thursday 17:34:48 root:INFO:Threat id=2 at (474,157)
2026-07-02 Thursday 17:34:56 root:INFO:Threat id=3 at (390,357)
2026-07-02 Thursday 17:34:56 root:INFO:Threat id=4 at (545,433)
2026-07-02 Thursday 17:34:57 root:INFO:Threat id=5 at (252,418)
2026-07-02 Thursday 17:35:01 root:INFO:C&C GUI exiting
2026-07-02 Thursday 17:39:13 root:INFO:C&C GUI starting on domain 0
2026-07-02 Thursday 17:39:14 root:INFO:Writer created for type Threat
2026-07-02 Thursday 17:39:14 root:INFO:Reader created for type SensorDetection
2026-07-02 Thursday 17:39:14 root:INFO:Reader created for type EffectorAction
2026-07-02 Thursday 17:39:14 root:INFO:Reader Thread running for SensorDetection
2026-07-02 Thursday 17:39:14 root:INFO:Reader Thread running for EffectorAction
2026-07-02 Thursday 17:39:22 root:INFO:Threat id=1 at (207,296)
2026-07-02 Thursday 17:39:22 root:INFO:Threat id=2 at (554,402)
2026-07-02 Thursday 17:39:23 root:INFO:Threat id=3 at (637,420)
2026-07-02 Thursday 17:39:42 root:INFO:ThreatTopic Listener Callback On Publication Match
2026-07-02 Thursday 17:39:42 root:INFO:ThreatTopic Writer Subs: 1 1
2026-07-02 Thursday 17:39:49 root:INFO:ThreatTopic Listener Callback On Publication Match
2026-07-02 Thursday 17:39:49 root:INFO:ThreatTopic Writer Subs: 2 1
2026-07-02 Thursday 17:39:57 root:INFO:Threat id=4 at (516,258)
2026-07-02 Thursday 17:39:57 root:INFO:Threat id=5 at (301,245)
2026-07-02 Thursday 17:39:58 root:INFO:Threat id=6 at (120,302)
2026-07-02 Thursday 17:40:00 root:INFO:Threat id=7 at (718,403)
2026-07-02 Thursday 17:40:03 root:INFO:Threat id=8 at (585,346)
2026-07-02 Thursday 17:40:05 root:INFO:Threat id=9 at (480,252)
2026-07-02 Thursday 17:40:06 root:INFO:Threat id=10 at (292,261)
2026-07-02 Thursday 17:40:08 root:INFO:Threat id=11 at (620,305)
2026-07-02 Thursday 17:40:46 root:INFO:Threat id=12 at (327,303)
2026-07-02 Thursday 17:40:47 root:INFO:Threat id=13 at (230,287)
2026-07-02 Thursday 17:40:47 root:INFO:Threat id=14 at (480,320)
2026-07-02 Thursday 17:40:58 root:INFO:Threat id=15 at (468,333)
2026-07-02 Thursday 17:40:58 root:INFO:Threat id=16 at (316,292)
2026-07-02 Thursday 17:40:59 root:INFO:Threat id=17 at (633,410)
2026-07-02 Thursday 17:41:00 root:INFO:Threat id=18 at (138,345)
2026-07-03 Friday 08:54:30 root:INFO:Threat id=19 at (546,231)
2026-07-03 Friday 08:54:31 root:INFO:Threat id=20 at (247,250)
2026-07-03 Friday 08:54:31 root:INFO:Threat id=21 at (157,289)
2026-07-03 Friday 08:54:32 root:INFO:Threat id=22 at (695,362)
2026-07-03 Friday 08:54:34 root:INFO:Threat id=23 at (512,296)
2026-07-03 Friday 08:54:35 root:INFO:Threat id=24 at (289,244)
2026-07-03 Friday 08:54:52 root:INFO:ThreatTopic Listener Callback On Publication Match
2026-07-03 Friday 08:54:52 root:INFO:ThreatTopic Writer Subs: 1 -1
2026-07-03 Friday 08:54:52 root:INFO:ThreatTopic Listener Callback On Publication Match
2026-07-03 Friday 08:54:52 root:INFO:ThreatTopic Writer Subs: 0 -1
2026-07-03 Friday 08:54:59 root:INFO:C&C GUI exiting
2026-07-03 Friday 09:01:58 root:INFO:C&C GUI starting on domain 0
2026-07-03 Friday 09:01:59 root:INFO:Writer created for type Threat
2026-07-03 Friday 09:01:59 root:INFO:Reader created for type SensorDetection
2026-07-03 Friday 09:01:59 root:INFO:Reader created for type EffectorAction
2026-07-03 Friday 09:01:59 root:INFO:Reader Thread running for SensorDetection
2026-07-03 Friday 09:01:59 root:INFO:Reader Thread running for EffectorAction
2026-07-03 Friday 09:02:12 root:INFO:ThreatTopic Listener Callback On Publication Match
2026-07-03 Friday 09:02:12 root:INFO:ThreatTopic Writer Subs: 1 1
2026-07-03 Friday 09:02:15 root:INFO:ThreatTopic Listener Callback On Publication Match
2026-07-03 Friday 09:02:15 root:INFO:ThreatTopic Writer Subs: 2 1
2026-07-03 Friday 09:02:35 root:INFO:C&C GUI exiting
2026-07-03 Friday 09:02:38 root:INFO:C&C GUI starting on domain 0
2026-07-03 Friday 09:02:39 root:INFO:Writer created for type Threat
2026-07-03 Friday 09:02:39 root:INFO:Reader created for type SensorDetection
2026-07-03 Friday 09:02:39 root:INFO:Reader created for type EffectorAction
2026-07-03 Friday 09:02:39 root:INFO:ThreatTopic Listener Callback On Publication Match
2026-07-03 Friday 09:02:39 root:INFO:ThreatTopic Writer Subs: 2 2
2026-07-03 Friday 09:02:39 root:INFO:Reader Thread running for SensorDetection
2026-07-03 Friday 09:02:39 root:INFO:Reader Thread running for EffectorAction
2026-07-03 Friday 09:02:41 root:INFO:Threat id=1 at (210,238)
2026-07-03 Friday 09:02:41 root:INFO:Threat id=2 at (436,225)
2026-07-03 Friday 09:02:43 root:INFO:Threat id=3 at (353,561)
2026-07-03 Friday 09:02:43 root:INFO:Threat id=4 at (421,574)
2026-07-03 Friday 09:02:45 root:INFO:Threat id=5 at (529,497)
2026-07-03 Friday 09:02:45 root:INFO:Threat id=6 at (423,314)
2026-07-03 Friday 09:02:46 root:INFO:Threat id=7 at (152,237)
2026-07-03 Friday 09:02:46 root:INFO:Threat id=8 at (158,162)
2026-07-03 Friday 09:02:47 root:INFO:Threat id=9 at (483,189)
2026-07-03 Friday 09:02:48 root:INFO:Threat id=10 at (586,449)
2026-07-03 Friday 09:03:28 root:INFO:Threat id=11 at (408,280)
2026-07-03 Friday 09:03:29 root:INFO:Threat id=12 at (199,324)
2026-07-03 Friday 09:03:29 root:INFO:Threat id=13 at (283,518)
2026-07-03 Friday 09:03:30 root:INFO:Threat id=14 at (460,564)
2026-07-03 Friday 09:03:31 root:INFO:Threat id=15 at (587,394)
2026-07-03 Friday 09:03:32 root:INFO:Threat id=16 at (481,351)
2026-07-03 Friday 09:10:36 root:INFO:C&C GUI exiting
2026-07-03 Friday 09:10:46 root:INFO:C&C GUI starting on domain 0
2026-07-03 Friday 09:10:47 root:INFO:Writer created for type Threat
2026-07-03 Friday 09:10:47 root:INFO:Reader created for type SensorDetection
2026-07-03 Friday 09:10:47 root:INFO:Reader created for type EffectorAction
2026-07-03 Friday 09:10:47 root:INFO:ThreatTopic Listener Callback On Publication Match
2026-07-03 Friday 09:10:47 root:INFO:Reader Thread running for SensorDetection
2026-07-03 Friday 09:10:47 root:INFO:ThreatTopic Writer Subs: 1 1
2026-07-03 Friday 09:10:47 root:INFO:Reader Thread running for EffectorAction
2026-07-03 Friday 09:10:55 root:INFO:ThreatTopic Listener Callback On Publication Match
2026-07-03 Friday 09:10:55 root:INFO:ThreatTopic Writer Subs: 0 -1
2026-07-03 Friday 09:10:56 root:INFO:ThreatTopic Listener Callback On Publication Match
2026-07-03 Friday 09:10:56 root:INFO:ThreatTopic Writer Subs: 1 1
2026-07-03 Friday 09:11:00 root:INFO:ThreatTopic Listener Callback On Publication Match
2026-07-03 Friday 09:11:00 root:INFO:ThreatTopic Writer Subs: 2 1
2026-07-03 Friday 09:15:15 root:INFO:C&C GUI exiting
2026-07-03 Friday 09:15:17 root:INFO:C&C GUI starting on domain 0
2026-07-03 Friday 09:15:18 root:INFO:Writer created for type Threat
2026-07-03 Friday 09:15:18 root:INFO:Reader created for type SensorDetection
2026-07-03 Friday 09:15:18 root:INFO:Reader created for type EffectorAction
2026-07-03 Friday 09:15:18 root:INFO:Reader Thread running for SensorDetection
2026-07-03 Friday 09:15:18 root:INFO:Reader Thread running for EffectorAction
2026-07-03 Friday 09:15:18 root:INFO:ThreatTopic Listener Callback On Publication Match
2026-07-03 Friday 09:15:18 root:INFO:ThreatTopic Writer Subs: 1 1
2026-07-03 Friday 09:15:18 root:INFO:ThreatTopic Listener Callback On Publication Match
2026-07-03 Friday 09:15:18 root:INFO:ThreatTopic Writer Subs: 2 1
2026-07-03 Friday 09:15:26 root:INFO:ThreatTopic Listener Callback On Publication Match
2026-07-03 Friday 09:15:26 root:INFO:ThreatTopic Writer Subs: 1 -1
2026-07-03 Friday 09:15:28 root:INFO:ThreatTopic Listener Callback On Publication Match
2026-07-03 Friday 09:15:28 root:INFO:ThreatTopic Writer Subs: 2 1
2026-07-03 Friday 09:15:34 root:INFO:ThreatTopic Listener Callback On Publication Match
2026-07-03 Friday 09:15:34 root:INFO:ThreatTopic Writer Subs: 1 -1
2026-07-03 Friday 09:15:35 root:INFO:ThreatTopic Listener Callback On Publication Match
2026-07-03 Friday 09:15:35 root:INFO:ThreatTopic Writer Subs: 2 1
2026-07-03 Friday 09:15:38 root:INFO:Threat id=1 at (399,282)
2026-07-03 Friday 09:15:39 root:INFO:Threat id=2 at (590,290)
2026-07-03 Friday 09:15:39 root:INFO:Threat id=3 at (678,398)
2026-07-03 Friday 09:15:40 root:INFO:Threat id=4 at (174,329)
2026-07-03 Friday 09:15:41 root:INFO:Threat id=5 at (377,558)
2026-07-03 Friday 09:15:42 root:INFO:Threat id=6 at (408,570)
2026-07-03 Friday 09:15:42 root:INFO:Threat id=7 at (510,273)
2026-07-03 Friday 09:20:59 root:INFO:C&C GUI exiting
2026-07-03 Friday 09:21:02 root:INFO:C&C GUI starting on domain 0
2026-07-03 Friday 09:21:03 root:INFO:Writer created for type Threat
2026-07-03 Friday 09:21:03 root:INFO:Reader created for type SensorDetection
2026-07-03 Friday 09:21:03 root:INFO:Reader created for type EffectorAction
2026-07-03 Friday 09:21:03 root:INFO:ThreatTopic Listener Callback On Publication Match
2026-07-03 Friday 09:21:03 root:INFO:ThreatTopic Writer Subs: 2 2
2026-07-03 Friday 09:21:03 root:INFO:Reader Thread running for SensorDetection
2026-07-03 Friday 09:21:03 root:INFO:Reader Thread running for EffectorAction
2026-07-03 Friday 09:21:11 root:INFO:ThreatTopic Listener Callback On Publication Match
2026-07-03 Friday 09:21:11 root:INFO:ThreatTopic Writer Subs: 1 -1
2026-07-03 Friday 09:21:13 root:INFO:ThreatTopic Listener Callback On Publication Match
2026-07-03 Friday 09:21:13 root:INFO:ThreatTopic Writer Subs: 2 1
2026-07-03 Friday 09:21:19 root:INFO:ThreatTopic Listener Callback On Publication Match
2026-07-03 Friday 09:21:19 root:INFO:ThreatTopic Writer Subs: 1 -1
2026-07-03 Friday 09:21:20 root:INFO:ThreatTopic Listener Callback On Publication Match
2026-07-03 Friday 09:21:20 root:INFO:ThreatTopic Writer Subs: 2 1
2026-07-03 Friday 09:21:24 root:INFO:Threat id=1 at (522,358)
2026-07-03 Friday 09:21:25 root:INFO:Threat id=2 at (324,273)
2026-07-03 Friday 09:21:25 root:INFO:Threat id=3 at (167,357)
2026-07-03 Friday 09:21:26 root:INFO:Threat id=4 at (669,348)
2026-07-03 Friday 09:21:27 root:INFO:Threat id=5 at (418,579)
2026-07-03 Friday 09:28:30 root:INFO:C&C GUI exiting
2026-07-03 Friday 09:29:06 root:INFO:C&C GUI starting on domain 0
2026-07-03 Friday 09:29:06 root:INFO:Writer created for type Threat
2026-07-03 Friday 09:29:06 root:INFO:Reader created for type SensorDetection
2026-07-03 Friday 09:29:06 root:INFO:Reader created for type EffectorAction
2026-07-03 Friday 09:29:06 root:INFO:Reader Thread running for SensorDetection
2026-07-03 Friday 09:29:06 root:INFO:Reader Thread running for EffectorAction
2026-07-03 Friday 09:29:17 root:INFO:ThreatTopic Listener Callback On Publication Match
2026-07-03 Friday 09:29:17 root:INFO:ThreatTopic Writer Subs: 1 1
2026-07-03 Friday 09:29:25 root:INFO:ThreatTopic Listener Callback On Publication Match
2026-07-03 Friday 09:29:25 root:INFO:ThreatTopic Writer Subs: 2 1
2026-07-03 Friday 09:29:27 root:INFO:Threat id=1 at (502,330)
2026-07-03 Friday 09:29:27 root:INFO:Threat id=2 at (302,291)
2026-07-03 Friday 09:29:28 root:INFO:Threat id=3 at (192,314)
2026-07-03 Friday 09:29:29 root:INFO:Threat id=4 at (726,497)
2026-07-03 Friday 09:29:29 root:INFO:Threat id=5 at (420,565)
2026-07-03 Friday 09:36:30 root:INFO:ThreatTopic Listener Callback On Publication Match
2026-07-03 Friday 09:36:30 root:INFO:ThreatTopic Writer Subs: 1 -1
2026-07-03 Friday 09:36:30 root:INFO:ThreatTopic Listener Callback On Publication Match
2026-07-03 Friday 09:36:30 root:INFO:ThreatTopic Writer Subs: 0 -1
2026-07-03 Friday 09:36:32 root:INFO:C&C GUI exiting
2026-07-03 Friday 09:55:59 root:INFO:C&C GUI starting on domain 0
2026-07-03 Friday 09:57:11 root:INFO:C&C GUI starting on domain 0
2026-07-03 Friday 09:58:00 root:INFO:C&C GUI starting on domain 0
2026-07-03 Friday 09:58:01 root:INFO:Writer created for type Threat
2026-07-03 Friday 09:58:01 root:INFO:Reader created for type SensorDetection
2026-07-03 Friday 09:58:01 root:INFO:Reader created for type EffectorAction
2026-07-03 Friday 09:58:01 root:INFO:Reader Thread running for SensorDetection
2026-07-03 Friday 09:58:01 root:INFO:Reader Thread running for EffectorAction
2026-07-03 Friday 09:58:01 root:INFO:Reader created for type UMAA_SA_GlobalPoseStatus_GlobalPoseReportType
2026-07-03 Friday 09:58:01 root:INFO:Reader Thread running for UMAA_SA_GlobalPoseStatus_GlobalPoseReportType
2026-07-03 Friday 09:58:40 root:INFO:ThreatTopic Listener Callback On Publication Match
2026-07-03 Friday 09:58:40 root:INFO:ThreatTopic Writer Subs: 1 1
2026-07-03 Friday 09:58:59 root:INFO:ThreatTopic Listener Callback On Publication Match
2026-07-03 Friday 09:58:59 root:INFO:ThreatTopic Writer Subs: 2 1
2026-07-03 Friday 09:59:24 root:INFO:Threat id=1 at (538,279)
2026-07-03 Friday 09:59:24 root:INFO:Threat id=2 at (538,279)
2026-07-03 Friday 09:59:26 root:INFO:Threat id=3 at (213,302)
2026-07-03 Friday 09:59:26 root:INFO:Threat id=4 at (100,379)
2026-07-03 Friday 09:59:27 root:INFO:Threat id=5 at (410,565)
2026-07-03 Friday 09:59:38 root:INFO:[C2] Pose Lat=32.715719 Lon=-117.1610771 → px=(400.4,569.6)
2026-07-03 Friday 09:59:39 root:INFO:[C2] Pose Lat=32.715738 Lon=-117.1610543 → px=(400.9,569.1)
2026-07-03 Friday 09:59:40 root:INFO:[C2] Pose Lat=32.715758 Lon=-117.1610315 → px=(401.3,568.7)
2026-07-03 Friday 09:59:41 root:INFO:[C2] Pose Lat=32.715777 Lon=-117.1610087 → px=(401.7,568.3)
2026-07-03 Friday 09:59:42 root:INFO:[C2] Pose Lat=32.715796 Lon=-117.1609859 → px=(402.1,567.9)
2026-07-03 Friday 09:59:43 root:INFO:[C2] Pose Lat=32.715815 Lon=-117.1609631 → px=(402.6,567.4)
2026-07-03 Friday 09:59:44 root:INFO:[C2] Pose Lat=32.715834 Lon=-117.1609403 → px=(403.0,567.0)
2026-07-03 Friday 09:59:45 root:INFO:[C2] Pose Lat=32.715854 Lon=-117.1609176 → px=(403.4,566.6)
2026-07-03 Friday 09:59:46 root:INFO:[C2] Pose Lat=32.715873 Lon=-117.1608948 → px=(403.8,566.2)
2026-07-03 Friday 09:59:47 root:INFO:[C2] Pose Lat=32.715892 Lon=-117.1608720 → px=(404.3,565.7)
2026-07-03 Friday 09:59:48 root:INFO:[C2] Pose Lat=32.715911 Lon=-117.1608492 → px=(404.7,565.3)
2026-07-03 Friday 09:59:49 root:INFO:[C2] Pose Lat=32.715930 Lon=-117.1608265 → px=(405.1,564.9)
2026-07-03 Friday 09:59:50 root:INFO:[C2] Pose Lat=32.715949 Lon=-117.1608037 → px=(405.5,564.5)
2026-07-03 Friday 09:59:51 root:INFO:[C2] Pose Lat=32.715968 Lon=-117.1607810 → px=(406.0,564.0)
2026-07-03 Friday 09:59:52 root:INFO:[C2] Pose Lat=32.715988 Lon=-117.1607582 → px=(406.4,563.6)
2026-07-03 Friday 09:59:53 root:INFO:[C2] Pose Lat=32.716007 Lon=-117.1607355 → px=(406.8,563.2)
2026-07-03 Friday 09:59:54 root:INFO:[C2] Pose Lat=32.716026 Lon=-117.1607127 → px=(407.2,562.8)
2026-07-03 Friday 09:59:55 root:INFO:[C2] Pose Lat=32.716045 Lon=-117.1606900 → px=(407.7,562.3)
2026-07-03 Friday 09:59:56 root:INFO:[C2] Pose Lat=32.716064 Lon=-117.1606672 → px=(408.1,561.9)
2026-07-03 Friday 09:59:57 root:INFO:[C2] Pose Lat=32.716083 Lon=-117.1606444 → px=(408.5,561.5)
2026-07-03 Friday 09:59:58 root:INFO:[C2] Pose Lat=32.716103 Lon=-117.1606216 → px=(408.9,561.1)
2026-07-03 Friday 09:59:59 root:INFO:[C2] Pose Lat=32.716122 Lon=-117.1605988 → px=(409.4,560.6)
2026-07-03 Friday 10:00:00 root:INFO:[C2] Pose Lat=32.716141 Lon=-117.1605761 → px=(409.8,560.2)
2026-07-03 Friday 10:00:01 root:INFO:[C2] Pose Lat=32.716160 Lon=-117.1605532 → px=(410.2,559.8)
2026-07-03 Friday 10:00:02 root:INFO:[C2] Pose Lat=32.716179 Lon=-117.1605305 → px=(410.6,559.4)
2026-07-03 Friday 10:00:03 root:INFO:[C2] Pose Lat=32.716198 Lon=-117.1605077 → px=(411.1,558.9)
2026-07-03 Friday 10:00:04 root:INFO:[C2] Pose Lat=32.716217 Lon=-117.1604850 → px=(411.5,558.5)
2026-07-03 Friday 10:00:05 root:INFO:[C2] Pose Lat=32.716237 Lon=-117.1604622 → px=(411.9,558.1)
2026-07-03 Friday 10:00:06 root:INFO:[C2] Pose Lat=32.716256 Lon=-117.1604395 → px=(412.3,557.7)
2026-07-03 Friday 10:00:07 root:INFO:[C2] Pose Lat=32.716275 Lon=-117.1604167 → px=(412.8,557.2)
2026-07-03 Friday 10:00:08 root:INFO:[C2] Pose Lat=32.716294 Lon=-117.1603939 → px=(413.2,556.8)
2026-07-03 Friday 10:00:09 root:INFO:[C2] Pose Lat=32.716313 Lon=-117.1603712 → px=(413.6,556.4)
2026-07-03 Friday 10:00:10 root:INFO:[C2] Pose Lat=32.716332 Lon=-117.1603484 → px=(414.1,555.9)
2026-07-03 Friday 10:00:11 root:INFO:[C2] Pose Lat=32.716352 Lon=-117.1603256 → px=(414.5,555.5)
2026-07-03 Friday 10:00:12 root:INFO:[C2] Pose Lat=32.716371 Lon=-117.1603029 → px=(414.9,555.1)
2026-07-03 Friday 10:00:13 root:INFO:[C2] Pose Lat=32.716390 Lon=-117.1602801 → px=(415.3,554.7)
2026-07-03 Friday 10:00:14 root:INFO:[C2] Pose Lat=32.716409 Lon=-117.1602573 → px=(415.8,554.2)
2026-07-03 Friday 10:00:15 root:INFO:[C2] Pose Lat=32.716428 Lon=-117.1602346 → px=(416.2,553.8)
2026-07-03 Friday 10:00:16 root:INFO:[C2] Pose Lat=32.716447 Lon=-117.1602118 → px=(416.6,553.4)
2026-07-03 Friday 10:00:17 root:INFO:[C2] Pose Lat=32.716467 Lon=-117.1601890 → px=(417.0,553.0)
2026-07-03 Friday 10:00:18 root:INFO:[C2] Pose Lat=32.716486 Lon=-117.1601662 → px=(417.5,552.5)
2026-07-03 Friday 10:00:19 root:INFO:[C2] Pose Lat=32.716505 Lon=-117.1601434 → px=(417.9,552.1)
2026-07-03 Friday 10:00:20 root:INFO:Threat id=6 at (564,350)
2026-07-03 Friday 10:00:20 root:INFO:[C2] Pose Lat=32.716524 Lon=-117.1601206 → px=(418.3,551.7)
2026-07-03 Friday 10:00:21 root:INFO:[C2] Pose Lat=32.716543 Lon=-117.1600978 → px=(418.7,551.3)
2026-07-03 Friday 10:00:21 root:INFO:Threat id=7 at (319,317)
2026-07-03 Friday 10:00:22 root:INFO:[C2] Pose Lat=32.716562 Lon=-117.1600750 → px=(419.2,550.8)
2026-07-03 Friday 10:00:23 root:INFO:[C2] Pose Lat=32.716582 Lon=-117.1600522 → px=(419.6,550.4)
2026-07-03 Friday 10:00:24 root:INFO:Threat id=8 at (472,357)
2026-07-03 Friday 10:00:24 root:INFO:[C2] Pose Lat=32.716601 Lon=-117.1600294 → px=(420.0,550.0)
2026-07-03 Friday 10:00:25 root:INFO:[C2] Pose Lat=32.716620 Lon=-117.1600066 → px=(420.4,549.6)
2026-07-03 Friday 10:00:26 root:INFO:Threat id=9 at (169,430)
2026-07-03 Friday 10:00:26 root:INFO:[C2] Pose Lat=32.716639 Lon=-117.1599837 → px=(420.9,549.1)
2026-07-03 Friday 10:00:27 root:INFO:[C2] Pose Lat=32.716658 Lon=-117.1599610 → px=(421.3,548.7)
2026-07-03 Friday 10:00:27 root:INFO:Threat id=10 at (432,547)
2026-07-03 Friday 10:00:28 root:INFO:Threat id=11 at (430,537)
2026-07-03 Friday 10:00:28 root:INFO:[C2] Pose Lat=32.716677 Lon=-117.1599383 → px=(421.7,548.3)
2026-07-03 Friday 10:00:29 root:INFO:Threat id=12 at (442,538)
2026-07-03 Friday 10:00:29 root:INFO:[C2] Pose Lat=32.716697 Lon=-117.1599155 → px=(422.1,547.9)
2026-07-03 Friday 10:00:30 root:INFO:[C2] Pose Lat=32.716716 Lon=-117.1598927 → px=(422.6,547.4)
2026-07-03 Friday 10:00:30 root:INFO:Threat id=13 at (400,532)
2026-07-03 Friday 10:00:31 root:INFO:Threat id=14 at (230,377)
2026-07-03 Friday 10:00:31 root:INFO:[C2] Pose Lat=32.716735 Lon=-117.1598699 → px=(423.0,547.0)
2026-07-03 Friday 10:00:32 root:INFO:[C2] Pose Lat=32.716754 Lon=-117.1598471 → px=(423.4,546.6)
2026-07-03 Friday 10:00:33 root:INFO:[C2] Pose Lat=32.716773 Lon=-117.1598243 → px=(423.9,546.1)
2026-07-03 Friday 10:00:34 root:INFO:[C2] Pose Lat=32.716792 Lon=-117.1598015 → px=(424.3,545.7)
2026-07-03 Friday 10:00:35 root:INFO:[C2] Pose Lat=32.716812 Lon=-117.1597788 → px=(424.7,545.3)
2026-07-03 Friday 10:00:36 root:INFO:[C2] Pose Lat=32.716831 Lon=-117.1597561 → px=(425.1,544.9)
2026-07-03 Friday 10:00:37 root:INFO:[C2] Pose Lat=32.716850 Lon=-117.1597333 → px=(425.6,544.4)
2026-07-03 Friday 10:00:38 root:INFO:[C2] Pose Lat=32.716869 Lon=-117.1597105 → px=(426.0,544.0)
2026-07-03 Friday 10:00:39 root:INFO:[C2] Pose Lat=32.716888 Lon=-117.1596878 → px=(426.4,543.6)
2026-07-03 Friday 10:00:40 root:INFO:[C2] Pose Lat=32.716907 Lon=-117.1596650 → px=(426.8,543.2)
2026-07-03 Friday 10:00:41 root:INFO:[C2] Pose Lat=32.716927 Lon=-117.1596422 → px=(427.3,542.7)
2026-07-03 Friday 10:00:42 root:INFO:[C2] Pose Lat=32.716946 Lon=-117.1596194 → px=(427.7,542.3)
2026-07-03 Friday 10:00:43 root:INFO:[C2] Pose Lat=32.716965 Lon=-117.1595967 → px=(428.1,541.9)
2026-07-03 Friday 10:00:44 root:INFO:[C2] Pose Lat=32.716984 Lon=-117.1595739 → px=(428.5,541.5)
2026-07-03 Friday 10:00:45 root:INFO:[C2] Pose Lat=32.717003 Lon=-117.1595511 → px=(429.0,541.0)
2026-07-03 Friday 10:00:46 root:INFO:[C2] Pose Lat=32.717022 Lon=-117.1595284 → px=(429.4,540.6)
2026-07-03 Friday 10:00:47 root:INFO:[C2] Pose Lat=32.717041 Lon=-117.1595056 → px=(429.8,540.2)
2026-07-03 Friday 10:00:48 root:INFO:[C2] Pose Lat=32.717061 Lon=-117.1594828 → px=(430.2,539.8)
2026-07-03 Friday 10:00:49 root:INFO:[C2] Pose Lat=32.717080 Lon=-117.1594599 → px=(430.7,539.3)
2026-07-03 Friday 10:00:50 root:INFO:[C2] Pose Lat=32.717099 Lon=-117.1594372 → px=(431.1,538.9)
2026-07-03 Friday 10:00:51 root:INFO:[C2] Pose Lat=32.717118 Lon=-117.1594144 → px=(431.5,538.5)
2026-07-03 Friday 10:00:52 root:INFO:[C2] Pose Lat=32.717137 Lon=-117.1593917 → px=(431.9,538.1)
2026-07-03 Friday 10:00:53 root:INFO:[C2] Pose Lat=32.717156 Lon=-117.1593689 → px=(432.4,537.6)
2026-07-03 Friday 10:00:54 root:INFO:[C2] Pose Lat=32.717176 Lon=-117.1593461 → px=(432.8,537.2)
2026-07-03 Friday 10:00:55 root:INFO:[C2] Pose Lat=32.717195 Lon=-117.1593233 → px=(433.2,536.8)
2026-07-03 Friday 10:00:56 root:INFO:ThreatTopic Listener Callback On Publication Match
2026-07-03 Friday 10:00:56 root:INFO:ThreatTopic Writer Subs: 1 -1
2026-07-03 Friday 10:00:56 root:INFO:ThreatTopic Listener Callback On Publication Match
2026-07-03 Friday 10:00:56 root:INFO:ThreatTopic Writer Subs: 0 -1
2026-07-03 Friday 10:00:56 root:INFO:[C2] Pose Lat=32.717214 Lon=-117.1593005 → px=(433.6,536.4)
2026-07-03 Friday 10:00:57 root:INFO:[C2] Pose Lat=32.717233 Lon=-117.1592778 → px=(434.1,535.9)
2026-07-03 Friday 10:00:58 root:INFO:[C2] Pose Lat=32.717252 Lon=-117.1592550 → px=(434.5,535.5)
2026-07-03 Friday 10:00:59 root:INFO:[C2] Pose Lat=32.717271 Lon=-117.1592322 → px=(434.9,535.1)
2026-07-03 Friday 10:01:11 root:INFO:C&C GUI exiting
